Log file open, 01/28/22 17:12:37
LogWindows: Failed to load 'aqProf.dll' (GetLastError=126)
LogWindows: File 'aqProf.dll' does not exist
LogWindows: Failed to load 'VtuneApi.dll' (GetLastError=126)
LogWindows: File 'VtuneApi.dll' does not exist
LogWindows: Failed to load 'VtuneApi32e.dll' (GetLastError=126)
LogWindows: File 'VtuneApi32e.dll' does not exist
LogConsoleResponse: Display: Failed to find resolution value strings in scalability ini. Falling back to default.
LogInit: Display: Running engine for game: Look_and_Walk
LogPakFile: Registered encryption key '00000000000000000000000000000000': 0 pak files mounted, 0 remain pending
LogPlatformFile: Not using cached read wrapper
LogTaskGraph: Started task graph with 5 named threads and 35 total threads with 3 sets of task threads.
LogStats: Stats thread started at 0.393240
LogD3D11RHI: Loaded GFSDK_Aftermath_Lib.x64.dll
LogICUInternationalization: ICU TimeZone Detection - Raw Offset: -5:00, Platform Override: ''
LogPluginManager: Mounting plugin Paper2D
LogPluginManager: Mounting plugin AISupport
LogPluginManager: Mounting plugin LightPropagationVolume
LogPluginManager: Mounting plugin ActorLayerUtilities
LogPluginManager: Mounting plugin AnimationSharing
LogPluginManager: Mounting plugin CLionSourceCodeAccess
LogPluginManager: Mounting plugin CodeLiteSourceCodeAccess
LogPluginManager: Mounting plugin GitSourceControl
LogPluginManager: Mounting plugin KDevelopSourceCodeAccess
LogPluginManager: Mounting plugin NullSourceCodeAccess
LogPluginManager: Mounting plugin PerforceSourceControl
LogPluginManager: Mounting plugin SubversionSourceControl
LogPluginManager: Mounting plugin UObjectPlugin
LogPluginManager: Mounting plugin VisualStudioCodeSourceCodeAccess
LogPluginManager: Mounting plugin VisualStudioSourceCodeAccess
LogPluginManager: Mounting plugin XCodeSourceCodeAccess
LogPluginManager: Mounting plugin AssetManagerEditor
LogPluginManager: Mounting plugin CryptoKeys
LogPluginManager: Mounting plugin DataValidation
LogPluginManager: Mounting plugin FacialAnimation
LogPluginManager: Mounting plugin GameplayTagsEditor
LogPluginManager: Mounting plugin MacGraphicsSwitching
LogPluginManager: Mounting plugin MaterialAnalyzer
LogPluginManager: Mounting plugin MobileLauncherProfileWizard
LogPluginManager: Mounting plugin PluginBrowser
LogPluginManager: Mounting plugin SpeedTreeImporter
LogPluginManager: Mounting plugin DatasmithContent
LogPluginManager: Mounting plugin VariantManagerContent
LogPluginManager: Mounting plugin AlembicImporter
LogPluginManager: Mounting plugin AppleImageUtils
LogPluginManager: Mounting plugin AppleVision
LogPluginManager: Mounting plugin BackChannel
LogPluginManager: Mounting plugin CharacterAI
LogPluginManager: Mounting plugin GeometryCache
LogPluginManager: Mounting plugin HTML5Networking
LogPluginManager: Mounting plugin ProxyLODPlugin
LogPluginManager: Mounting plugin SkeletalReduction
LogPluginManager: Mounting plugin MagicLeap
LogPluginManager: Mounting plugin MagicLeapMedia
LogPluginManager: Mounting plugin AndroidMedia
LogPluginManager: Mounting plugin AvfMedia
LogPluginManager: Mounting plugin ImgMedia
LogPluginManager: Mounting plugin LinearTimecode
LogPluginManager: Mounting plugin MediaCompositing
LogPluginManager: Mounting plugin MediaPlayerEditor
LogPluginManager: Mounting plugin WebMMedia
LogPluginManager: Mounting plugin WmfMedia
LogPluginManager: Mounting plugin TcpMessaging
LogPluginManager: Mounting plugin UdpMessaging
LogPluginManager: Mounting plugin ActorSequence
LogPluginManager: Mounting plugin LevelSequenceEditor
LogPluginManager: Mounting plugin MatineeToLevelSequence
LogPluginManager: Mounting plugin NetcodeUnitTest
LogPluginManager: Mounting plugin NUTUnrealEngine4
LogPluginManager: Mounting plugin OnlineSubsystemGooglePlay
LogPluginManager: Mounting plugin OnlineSubsystemIOS
LogPluginManager: Mounting plugin OnlineSubsystem
LogPluginManager: Mounting plugin OnlineSubsystemNull
LogPluginManager: Mounting plugin OnlineSubsystemUtils
LogPluginManager: Mounting plugin LauncherChunkInstaller
LogPluginManager: Mounting plugin AndroidDeviceProfileSelector
LogPluginManager: Mounting plugin AndroidMoviePlayer
LogPluginManager: Mounting plugin AndroidPermission
LogPluginManager: Mounting plugin AppleMoviePlayer
LogPluginManager: Mounting plugin ArchVisCharacter
LogPluginManager: Mounting plugin AudioCapture
LogPluginManager: Mounting plugin CableComponent
LogPluginManager: Mounting plugin CustomMeshComponent
LogPluginManager: Mounting plugin EditableMesh
LogPluginManager: Mounting plugin ExampleDeviceProfileSelector
LogPluginManager: Mounting plugin Firebase
LogPluginManager: Mounting plugin GoogleCloudMessaging
LogPluginManager: Mounting plugin IOSDeviceProfileSelector
LogPluginManager: Mounting plugin LinuxDeviceProfileSelector
LogPluginManager: Mounting plugin LocationServicesBPLibrary
LogPluginManager: Mounting plugin MobilePatchingUtils
LogPluginManager: Mounting plugin OculusVR
LogPluginManager: Mounting plugin PhysXVehicles
LogPluginManager: Mounting plugin ProceduralMeshComponent
LogPluginManager: Mounting plugin RuntimePhysXCooking
LogPluginManager: Mounting plugin SignificanceManager
LogPluginManager: Mounting plugin SteamVR
LogPluginManager: Mounting plugin WebMMoviePlayer
LogPluginManager: Mounting plugin WindowsMoviePlayer
LogInit: Using libcurl 7.55.1-DEV
LogInit:  - built for x86_64-pc-win32
LogInit:  - supports SSL with OpenSSL/1.1.1
LogInit:  - supports HTTP deflate (compression) using libz 1.2.8
LogInit:  - other features:
LogInit:      CURL_VERSION_SSL
LogInit:      CURL_VERSION_LIBZ
LogInit:      CURL_VERSION_IPV6
LogInit:      CURL_VERSION_ASYNCHDNS
LogInit:      CURL_VERSION_LARGEFILE
LogInit:      CURL_VERSION_IDN
LogInit:  CurlRequestOptions (configurable via config and command line):
LogInit:  - bVerifyPeer = true  - Libcurl will verify peer certificate
LogInit:  - bUseHttpProxy = false  - Libcurl will NOT use HTTP proxy
LogInit:  - bDontReuseConnections = false  - Libcurl will reuse connections
LogInit:  - MaxHostConnections = 16  - Libcurl will limit the number of connections to a host
LogInit:  - LocalHostAddr = Default
LogInit:  - BufferSize = 65536
LogInit: WinSock: version 1.1 (2.2), MaxSocks=32767, MaxUdp=65467
LogHMD: Failed initializing OVRPlugin 1.32.0
LogInit: Build: ++UE4+Release-4.22-CL-7053642
LogInit: Engine Version: 4.22.3-7053642+++UE4+Release-4.22
LogInit: Compatible Engine Version: 4.22.0-5660361+++UE4+Release-4.22
LogInit: Net CL: 5660361
LogInit: OS: Windows 10 (Release 1803) (), CPU: Intel(R) Core(TM) i7-8700K CPU @ 3.70GHz, GPU: NVIDIA GeForce GTX 1080 Ti
LogInit: Compiled (64-bit): Jun 18 2019 03:09:11
LogInit: Compiled with Visual C++: 19.16.27025.01
LogInit: Build Configuration: Development
LogInit: Branch Name: ++UE4+Release-4.22
LogInit: Command Line: 
LogInit: Base Directory: D:/Program Files (x86)/UE_4.22/Engine/Binaries/Win64/
LogInit: Installed Engine Build: 1
LogDevObjectVersion: Number of dev versions registered: 23
LogDevObjectVersion:   Dev-Blueprints (B0D832E4-1F89-4F0D-ACCF-7EB736FD4AA2): 10
LogDevObjectVersion:   Dev-Build (E1C64328-A22C-4D53-A36C-8E866417BD8C): 0
LogDevObjectVersion:   Dev-Core (375EC13C-06E4-48FB-B500-84F0262A717E): 3
LogDevObjectVersion:   Dev-Editor (E4B068ED-F494-42E9-A231-DA0B2E46BB41): 30
LogDevObjectVersion:   Dev-Framework (CFFC743F-43B0-4480-9391-14DF171D2073): 35
LogDevObjectVersion:   Dev-Mobile (B02B49B5-BB20-44E9-A304-32B752E40360): 2
LogDevObjectVersion:   Dev-Networking (A4E4105C-59A1-49B5-A7C5-40C4547EDFEE): 0
LogDevObjectVersion:   Dev-Online (39C831C9-5AE6-47DC-9A44-9C173E1C8E7C): 0
LogDevObjectVersion:   Dev-Physics (78F01B33-EBEA-4F98-B9B4-84EACCB95AA2): 0
LogDevObjectVersion:   Dev-Platform (6631380F-2D4D-43E0-8009-CF276956A95A): 0
LogDevObjectVersion:   Dev-Rendering (12F88B9F-8875-4AFC-A67C-D90C383ABD29): 28
LogDevObjectVersion:   Dev-Sequencer (7B5AE74C-D270-4C10-A958-57980B212A5A): 11
LogDevObjectVersion:   Dev-VR (D7296918-1DD6-4BDD-9DE2-64A83CC13884): 2
LogDevObjectVersion:   Dev-LoadTimes (C2A15278-BFE7-4AFE-6C17-90FF531DF755): 1
LogDevObjectVersion:   Private-Geometry (6EACA3D4-40EC-4CC1-B786-8BED09428FC5): 3
LogDevObjectVersion:   Dev-AnimPhys (29E575DD-E0A3-4627-9D10-D276232CDCEA): 17
LogDevObjectVersion:   Dev-Anim (AF43A65D-7FD3-4947-9873-3E8ED9C1BB05): 2
LogDevObjectVersion:   Dev-ReflectionCapture (6B266CEC-1EC7-4B8F-A30B-E4D90942FC07): 1
LogDevObjectVersion:   Dev-Automation (0DF73D61-A23F-47EA-B727-89E90C41499A): 1
LogDevObjectVersion:   FortniteMain (601D1886-AC64-4F84-AA16-D3DE0DEAC7D6): 25
LogDevObjectVersion:   Dev-Enterprise (9DFFBCD6-494F-0158-E221-12823C92A888): 6
LogDevObjectVersion:   Dev-Niagara (F2AED0AC-9AFE-416F-8664-AA7FFA26D6FC): 1
LogDevObjectVersion:   Dev-Destruction (174F1F0B-B4C6-45A5-B13F-2EE8D0FB917D): 2
LogInit: Presizing for max 16777216 objects, including 0 objects not considered by GC, pre-allocating 0 bytes for permanent pool.
LogInit: Object subsystem initialized
LogConfig: Setting CVar [[con.DebugEarlyDefault:1]]
LogConfig: Setting CVar [[r.setres:1280x720]]
[2022.01.28-22.12.38:472][  0]LogConfig: Setting CVar [[r.VSync:0]]
[2022.01.28-22.12.38:472][  0]LogConfig: Setting CVar [[r.RHICmdBypass:0]]
[2022.01.28-22.12.38:472][  0]LogConfig: Applying CVar settings from Section [/Script/Engine.RendererSettings] File [G:/Dayu/Look_and_Walk/Saved/Config/Windows/Engine.ini]
[2022.01.28-22.12.38:472][  0]LogConfig: Setting CVar [[r.GPUCrashDebugging:0]]
[2022.01.28-22.12.38:472][  0]LogConfig: Setting CVar [[r.DefaultFeature.AmbientOcclusion:0]]
[2022.01.28-22.12.38:472][  0]LogConfig: Setting CVar [[r.DefaultFeature.AmbientOcclusionStaticFraction:0]]
[2022.01.28-22.12.38:472][  0]LogConfig: Setting CVar [[vr.InstancedStereo:1]]
[2022.01.28-22.12.38:472][  0]LogConfig: Setting CVar [[r.SeparateTranslucency:0]]
[2022.01.28-22.12.38:472][  0]LogConfig: Setting CVar [[r.HZBOcclusion:0]]
[2022.01.28-22.12.38:472][  0]LogConfig: Setting CVar [[r.SSR.MaxRoughness:0]]
[2022.01.28-22.12.38:472][  0]LogConfig: Setting CVar [[r.rhicmdbypass:0]]
[2022.01.28-22.12.38:472][  0]LogConfig: Setting CVar [[r.CustomDepth:3]]
[2022.01.28-22.12.38:472][  0]LogConfig: Applying CVar settings from Section [/Script/Engine.RendererOverrideSettings] File [G:/Dayu/Look_and_Walk/Saved/Config/Windows/Engine.ini]
[2022.01.28-22.12.38:472][  0]LogConfig: Applying CVar settings from Section [/Script/Engine.StreamingSettings] File [G:/Dayu/Look_and_Walk/Saved/Config/Windows/Engine.ini]
[2022.01.28-22.12.38:472][  0]LogConfig: Setting CVar [[s.MinBulkDataSizeForAsyncLoading:131072]]
[2022.01.28-22.12.38:472][  0]LogConfig: Setting CVar [[s.AsyncLoadingThreadEnabled:0]]
[2022.01.28-22.12.38:472][  0]LogConfig: Setting CVar [[s.EventDrivenLoaderEnabled:1]]
[2022.01.28-22.12.38:472][  0]LogConfig: Setting CVar [[s.WarnIfTimeLimitExceeded:0]]
[2022.01.28-22.12.38:472][  0]LogConfig: Setting CVar [[s.TimeLimitExceededMultiplier:1.5]]
[2022.01.28-22.12.38:472][  0]LogConfig: Setting CVar [[s.TimeLimitExceededMinTime:0.005]]
[2022.01.28-22.12.38:472][  0]LogConfig: Setting CVar [[s.UseBackgroundLevelStreaming:1]]
[2022.01.28-22.12.38:472][  0]LogConfig: Setting CVar [[s.PriorityAsyncLoadingExtraTime:15.0]]
[2022.01.28-22.12.38:472][  0]LogConfig: Setting CVar [[s.LevelStreamingActorsUpdateTimeLimit:5.0]]
[2022.01.28-22.12.38:472][  0]LogConfig: Setting CVar [[s.PriorityLevelStreamingActorsUpdateExtraTime:5.0]]
[2022.01.28-22.12.38:472][  0]LogConfig: Setting CVar [[s.LevelStreamingComponentsRegistrationGranularity:10]]
[2022.01.28-22.12.38:472][  0]LogConfig: Setting CVar [[s.UnregisterComponentsTimeLimit:1.0]]
[2022.01.28-22.12.38:472][  0]LogConfig: Setting CVar [[s.LevelStreamingComponentsUnregistrationGranularity:5]]
[2022.01.28-22.12.38:472][  0]LogConfig: Applying CVar settings from Section [/Script/Engine.GarbageCollectionSettings] File [G:/Dayu/Look_and_Walk/Saved/Config/Windows/Engine.ini]
[2022.01.28-22.12.38:473][  0]LogConfig: Setting CVar [[gc.MaxObjectsNotConsideredByGC:1]]
[2022.01.28-22.12.38:473][  0]LogConfig: Setting CVar [[gc.SizeOfPermanentObjectPool:0]]
[2022.01.28-22.12.38:473][  0]LogConfig: Setting CVar [[gc.FlushStreamingOnGC:0]]
[2022.01.28-22.12.38:473][  0]LogConfig: Setting CVar [[gc.NumRetriesBeforeForcingGC:10]]
[2022.01.28-22.12.38:473][  0]LogConfig: Setting CVar [[gc.AllowParallelGC:1]]
[2022.01.28-22.12.38:473][  0]LogConfig: Setting CVar [[gc.TimeBetweenPurgingPendingKillObjects:61.1]]
[2022.01.28-22.12.38:473][  0]LogConfig: Setting CVar [[gc.MaxObjectsInEditor:16777216]]
[2022.01.28-22.12.38:473][  0]LogConfig: Setting CVar [[gc.IncrementalBeginDestroyEnabled:1]]
[2022.01.28-22.12.38:473][  0]LogConfig: Setting CVar [[gc.CreateGCClusters:1]]
[2022.01.28-22.12.38:473][  0]LogConfig: Setting CVar [[gc.MinGCClusterSize:5]]
[2022.01.28-22.12.38:473][  0]LogConfig: Setting CVar [[gc.ActorClusteringEnabled:0]]
[2022.01.28-22.12.38:473][  0]LogConfig: Setting CVar [[gc.BlueprintClusteringEnabled:0]]
[2022.01.28-22.12.38:473][  0]LogConfig: Setting CVar [[gc.UseDisregardForGCOnDedicatedServers:0]]
[2022.01.28-22.12.38:473][  0]LogConfig: Applying CVar settings from Section [/Script/Engine.NetworkSettings] File [G:/Dayu/Look_and_Walk/Saved/Config/Windows/Engine.ini]
[2022.01.28-22.12.38:473][  0]LogConfig: Applying CVar settings from Section [/Script/UnrealEd.CookerSettings] File [G:/Dayu/Look_and_Walk/Saved/Config/Windows/Engine.ini]
[2022.01.28-22.12.38:475][  0]LogConfig: Applying CVar settings from Section [ViewDistanceQuality@3] File [G:/Dayu/Look_and_Walk/Saved/Config/Windows/Scalability.ini]
[2022.01.28-22.12.38:475][  0]LogConfig: Setting CVar [[r.SkeletalMeshLODBias:0]]
[2022.01.28-22.12.38:475][  0]LogConfig: Setting CVar [[r.ViewDistanceScale:1.0]]
[2022.01.28-22.12.38:475][  0]LogConfig: Applying CVar settings from Section [AntiAliasingQuality@3] File [G:/Dayu/Look_and_Walk/Saved/Config/Windows/Scalability.ini]
[2022.01.28-22.12.38:475][  0]LogConfig: Setting CVar [[r.PostProcessAAQuality:3]]
[2022.01.28-22.12.38:475][  0]LogConfig: Applying CVar settings from Section [ShadowQuality@3] File [G:/Dayu/Look_and_Walk/Saved/Config/Windows/Scalability.ini]
[2022.01.28-22.12.38:475][  0]LogConfig: Setting CVar [[r.LightFunctionQuality:1]]
[2022.01.28-22.12.38:475][  0]LogConfig: Setting CVar [[r.ShadowQuality:5]]
[2022.01.28-22.12.38:475][  0]LogConfig: Setting CVar [[r.Shadow.CSM.MaxCascades:10]]
[2022.01.28-22.12.38:475][  0]LogConfig: Setting CVar [[r.Shadow.MaxResolution:2048]]
[2022.01.28-22.12.38:475][  0]LogConfig: Setting CVar [[r.Shadow.MaxCSMResolution:2048]]
[2022.01.28-22.12.38:475][  0]LogConfig: Setting CVar [[r.Shadow.RadiusThreshold:0.01]]
[2022.01.28-22.12.38:475][  0]LogConfig: Setting CVar [[r.Shadow.DistanceScale:1.0]]
[2022.01.28-22.12.38:475][  0]LogConfig: Setting CVar [[r.Shadow.CSM.TransitionScale:1.0]]
[2022.01.28-22.12.38:475][  0]LogConfig: Setting CVar [[r.Shadow.PreShadowResolutionFactor:1.0]]
[2022.01.28-22.12.38:475][  0]LogConfig: Setting CVar [[r.DistanceFieldShadowing:1]]
[2022.01.28-22.12.38:475][  0]LogConfig: Setting CVar [[r.DistanceFieldAO:1]]
[2022.01.28-22.12.38:475][  0]LogConfig: Setting CVar [[r.AOQuality:2]]
[2022.01.28-22.12.38:475][  0]LogConfig: Setting CVar [[r.VolumetricFog:1]]
[2022.01.28-22.12.38:475][  0]LogConfig: Setting CVar [[r.VolumetricFog.GridPixelSize:8]]
[2022.01.28-22.12.38:475][  0]LogConfig: Setting CVar [[r.VolumetricFog.GridSizeZ:128]]
[2022.01.28-22.12.38:475][  0]LogConfig: Setting CVar [[r.VolumetricFog.HistoryMissSupersampleCount:4]]
[2022.01.28-22.12.38:475][  0]LogConfig: Setting CVar [[r.LightMaxDrawDistanceScale:1]]
[2022.01.28-22.12.38:475][  0]LogConfig: Setting CVar [[r.CapsuleShadows:1]]
[2022.01.28-22.12.38:475][  0]LogConfig: Applying CVar settings from Section [PostProcessQuality@3] File [G:/Dayu/Look_and_Walk/Saved/Config/Windows/Scalability.ini]
[2022.01.28-22.12.38:475][  0]LogConfig: Setting CVar [[r.MotionBlurQuality:0]]
[2022.01.28-22.12.38:475][  0]LogConfig: Setting CVar [[r.AmbientOcclusionMipLevelFactor:0.4]]
[2022.01.28-22.12.38:475][  0]LogConfig: Setting CVar [[r.AmbientOcclusionMaxQuality:100]]
[2022.01.28-22.12.38:475][  0]LogConfig: Setting CVar [[r.AmbientOcclusionLevels:0]]
[2022.01.28-22.12.38:475][  0]LogConfig: Setting CVar [[r.AmbientOcclusionRadiusScale:1.0]]
[2022.01.28-22.12.38:475][  0]LogConfig: Setting CVar [[r.DepthOfFieldQuality:0]]
[2022.01.28-22.12.38:475][  0]LogConfig: Setting CVar [[r.RenderTargetPoolMin:400]]
[2022.01.28-22.12.38:475][  0]LogConfig: Setting CVar [[r.LensFlareQuality:0]]
[2022.01.28-22.12.38:475][  0]LogConfig: Setting CVar [[r.SceneColorFringeQuality:0]]
[2022.01.28-22.12.38:475][  0]LogConfig: Setting CVar [[r.EyeAdaptationQuality:2]]
[2022.01.28-22.12.38:475][  0]LogConfig: Setting CVar [[r.BloomQuality:1]]
[2022.01.28-22.12.38:475][  0]LogConfig: Setting CVar [[r.FastBlurThreshold:0]]
[2022.01.28-22.12.38:475][  0]LogConfig: Setting CVar [[r.Upscale.Quality:3]]
[2022.01.28-22.12.38:475][  0]LogConfig: Setting CVar [[r.Tonemapper.GrainQuantization:1]]
[2022.01.28-22.12.38:475][  0]LogConfig: Setting CVar [[r.LightShaftQuality:1]]
[2022.01.28-22.12.38:475][  0]LogConfig: Setting CVar [[r.Filter.SizeScale:1]]
[2022.01.28-22.12.38:475][  0]LogConfig: Setting CVar [[r.Tonemapper.Quality:5]]
[2022.01.28-22.12.38:475][  0]LogConfig: Setting CVar [[r.DOF.Gather.AccumulatorQuality:1        ; higher gathering accumulator quality]]
[2022.01.28-22.12.38:475][  0]LogConfig: Setting CVar [[r.DOF.Gather.PostfilterMethod:1          ; Median3x3 postfilering method]]
[2022.01.28-22.12.38:475][  0]LogConfig: Setting CVar [[r.DOF.Gather.EnableBokehSettings:0       ; no bokeh simulation when gathering]]
[2022.01.28-22.12.38:475][  0]LogConfig: Setting CVar [[r.DOF.Gather.RingCount:4                 ; medium number of samples when gathering]]
[2022.01.28-22.12.38:475][  0]LogConfig: Setting CVar [[r.DOF.Scatter.ForegroundCompositing:1    ; additive foreground scattering]]
[2022.01.28-22.12.38:475][  0]LogConfig: Setting CVar [[r.DOF.Scatter.BackgroundCompositing:2    ; additive background scattering]]
[2022.01.28-22.12.38:475][  0]LogConfig: Setting CVar [[r.DOF.Scatter.EnableBokehSettings:1      ; bokeh simulation when scattering]]
[2022.01.28-22.12.38:475][  0]LogConfig: Setting CVar [[r.DOF.Scatter.MaxSpriteRatio:0.1         ; only a maximum of 10% of scattered bokeh]]
[2022.01.28-22.12.38:475][  0]LogConfig: Setting CVar [[r.DOF.Recombine.Quality:1                ; cheap slight out of focus]]
[2022.01.28-22.12.38:476][  0]LogConfig: Setting CVar [[r.DOF.Recombine.EnableBokehSettings:0    ; no bokeh simulation on slight out of focus]]
[2022.01.28-22.12.38:476][  0]LogConfig: Setting CVar [[r.DOF.TemporalAAQuality:1                ; more stable temporal accumulation]]
[2022.01.28-22.12.38:476][  0]LogConfig: Setting CVar [[r.DOF.Kernel.MaxForegroundRadius:0.025]]
[2022.01.28-22.12.38:476][  0]LogConfig: Setting CVar [[r.DOF.Kernel.MaxBackgroundRadius:0.025]]
[2022.01.28-22.12.38:476][  0]LogConfig: Applying CVar settings from Section [TextureQuality@3] File [G:/Dayu/Look_and_Walk/Saved/Config/Windows/Scalability.ini]
[2022.01.28-22.12.38:476][  0]LogConfig: Setting CVar [[r.Streaming.MipBias:0]]
[2022.01.28-22.12.38:476][  0]LogConfig: Setting CVar [[r.Streaming.AmortizeCPUToGPUCopy:0]]
[2022.01.28-22.12.38:476][  0]LogConfig: Setting CVar [[r.Streaming.MaxNumTexturesToStreamPerFrame:0]]
[2022.01.28-22.12.38:476][  0]LogConfig: Setting CVar [[r.Streaming.Boost:1]]
[2022.01.28-22.12.38:476][  0]LogConfig: Setting CVar [[r.MaxAnisotropy:8]]
[2022.01.28-22.12.38:476][  0]LogConfig: Setting CVar [[r.Streaming.LimitPoolSizeToVRAM:0]]
[2022.01.28-22.12.38:476][  0]LogConfig: Setting CVar [[r.Streaming.PoolSize:1000]]
[2022.01.28-22.12.38:476][  0]LogConfig: Setting CVar [[r.Streaming.MaxEffectiveScreenSize:0]]
[2022.01.28-22.12.38:476][  0]LogConfig: Applying CVar settings from Section [EffectsQuality@3] File [G:/Dayu/Look_and_Walk/Saved/Config/Windows/Scalability.ini]
[2022.01.28-22.12.38:476][  0]LogConfig: Setting CVar [[r.TranslucencyLightingVolumeDim:4]]
[2022.01.28-22.12.38:476][  0]LogConfig: Setting CVar [[r.RefractionQuality:2]]
[2022.01.28-22.12.38:476][  0]LogConfig: Setting CVar [[r.SSR.Quality:0]]
[2022.01.28-22.12.38:476][  0]LogConfig: Setting CVar [[r.SceneColorFormat:2]]
[2022.01.28-22.12.38:476][  0]LogConfig: Setting CVar [[r.DetailMode:2]]
[2022.01.28-22.12.38:476][  0]LogConfig: Setting CVar [[r.TranslucencyVolumeBlur:0]]
[2022.01.28-22.12.38:476][  0]LogConfig: Setting CVar [[r.MaterialQualityLevel:1 ; High quality]]
[2022.01.28-22.12.38:476][  0]LogConfig: Setting CVar [[r.SSS.Scale:1]]
[2022.01.28-22.12.38:476][  0]LogConfig: Setting CVar [[r.SSS.SampleSet:2]]
[2022.01.28-22.12.38:476][  0]LogConfig: Setting CVar [[r.SSS.Quality:1]]
[2022.01.28-22.12.38:476][  0]LogConfig: Setting CVar [[r.SSS.HalfRes:1]]
[2022.01.28-22.12.38:476][  0]LogConfig: Setting CVar [[r.EmitterSpawnRateScale:1.0]]
[2022.01.28-22.12.38:476][  0]LogConfig: Setting CVar [[r.ParticleLightQuality:2]]
[2022.01.28-22.12.38:476][  0]LogConfig: Applying CVar settings from Section [FoliageQuality@3] File [G:/Dayu/Look_and_Walk/Saved/Config/Windows/Scalability.ini]
[2022.01.28-22.12.38:476][  0]LogConfig: Setting CVar [[foliage.DensityScale:1.0]]
[2022.01.28-22.12.38:476][  0]LogConfig: Setting CVar [[grass.DensityScale:1.0]]
[2022.01.28-22.12.38:476][  0]LogInit: Selected Device Profile: [Windows]
[2022.01.28-22.12.38:476][  0]LogInit: Applying CVar settings loaded from the selected device profile: [Windows]
[2022.01.28-22.12.38:481][  0]LogHAL: Display: Platform has ~ 32 GB [34157350912 / 34359738368 / 32], which maps to Largest [LargestMinGB=32, LargerMinGB=12, DefaultMinGB=8, SmallerMinGB=6, SmallestMinGB=0)
[2022.01.28-22.12.38:481][  0]LogConfig: Setting CVar [[r.Vulkan.UseRealUBs:0		; Required until we fix HLR fall-out]]
[2022.01.28-22.12.38:481][  0]LogInit: Going up to parent DeviceProfile []
[2022.01.28-22.12.38:481][  0]LogConfig: Applying CVar settings from Section [ViewDistanceQuality@3] File [G:/Dayu/Look_and_Walk/Saved/Config/Windows/Scalability.ini]
[2022.01.28-22.12.38:481][  0]LogConfig: Setting CVar [[r.SkeletalMeshLODBias:0]]
[2022.01.28-22.12.38:481][  0]LogConfig: Setting CVar [[r.ViewDistanceScale:1.0]]
[2022.01.28-22.12.38:481][  0]LogConfig: Applying CVar settings from Section [AntiAliasingQuality@3] File [G:/Dayu/Look_and_Walk/Saved/Config/Windows/Scalability.ini]
[2022.01.28-22.12.38:481][  0]LogConfig: Setting CVar [[r.PostProcessAAQuality:3]]
[2022.01.28-22.12.38:481][  0]LogConfig: Applying CVar settings from Section [ShadowQuality@3] File [G:/Dayu/Look_and_Walk/Saved/Config/Windows/Scalability.ini]
[2022.01.28-22.12.38:481][  0]LogConfig: Setting CVar [[r.LightFunctionQuality:1]]
[2022.01.28-22.12.38:481][  0]LogConfig: Setting CVar [[r.ShadowQuality:5]]
[2022.01.28-22.12.38:481][  0]LogConfig: Setting CVar [[r.Shadow.CSM.MaxCascades:10]]
[2022.01.28-22.12.38:482][  0]LogConfig: Setting CVar [[r.Shadow.MaxResolution:2048]]
[2022.01.28-22.12.38:482][  0]LogConfig: Setting CVar [[r.Shadow.MaxCSMResolution:2048]]
[2022.01.28-22.12.38:482][  0]LogConfig: Setting CVar [[r.Shadow.RadiusThreshold:0.01]]
[2022.01.28-22.12.38:482][  0]LogConfig: Setting CVar [[r.Shadow.DistanceScale:1.0]]
[2022.01.28-22.12.38:482][  0]LogConfig: Setting CVar [[r.Shadow.CSM.TransitionScale:1.0]]
[2022.01.28-22.12.38:482][  0]LogConfig: Setting CVar [[r.Shadow.PreShadowResolutionFactor:1.0]]
[2022.01.28-22.12.38:482][  0]LogConfig: Setting CVar [[r.DistanceFieldShadowing:1]]
[2022.01.28-22.12.38:482][  0]LogConfig: Setting CVar [[r.DistanceFieldAO:1]]
[2022.01.28-22.12.38:482][  0]LogConfig: Setting CVar [[r.AOQuality:2]]
[2022.01.28-22.12.38:482][  0]LogConfig: Setting CVar [[r.VolumetricFog:1]]
[2022.01.28-22.12.38:482][  0]LogConfig: Setting CVar [[r.VolumetricFog.GridPixelSize:8]]
[2022.01.28-22.12.38:482][  0]LogConfig: Setting CVar [[r.VolumetricFog.GridSizeZ:128]]
[2022.01.28-22.12.38:482][  0]LogConfig: Setting CVar [[r.VolumetricFog.HistoryMissSupersampleCount:4]]
[2022.01.28-22.12.38:482][  0]LogConfig: Setting CVar [[r.LightMaxDrawDistanceScale:1]]
[2022.01.28-22.12.38:482][  0]LogConfig: Setting CVar [[r.CapsuleShadows:1]]
[2022.01.28-22.12.38:482][  0]LogConfig: Applying CVar settings from Section [PostProcessQuality@3] File [G:/Dayu/Look_and_Walk/Saved/Config/Windows/Scalability.ini]
[2022.01.28-22.12.38:482][  0]LogConfig: Setting CVar [[r.MotionBlurQuality:0]]
[2022.01.28-22.12.38:482][  0]LogConfig: Setting CVar [[r.AmbientOcclusionMipLevelFactor:0.4]]
[2022.01.28-22.12.38:482][  0]LogConfig: Setting CVar [[r.AmbientOcclusionMaxQuality:100]]
[2022.01.28-22.12.38:482][  0]LogConfig: Setting CVar [[r.AmbientOcclusionLevels:0]]
[2022.01.28-22.12.38:482][  0]LogConfig: Setting CVar [[r.AmbientOcclusionRadiusScale:1.0]]
[2022.01.28-22.12.38:482][  0]LogConfig: Setting CVar [[r.DepthOfFieldQuality:0]]
[2022.01.28-22.12.38:482][  0]LogConfig: Setting CVar [[r.RenderTargetPoolMin:400]]
[2022.01.28-22.12.38:482][  0]LogConfig: Setting CVar [[r.LensFlareQuality:0]]
[2022.01.28-22.12.38:482][  0]LogConfig: Setting CVar [[r.SceneColorFringeQuality:0]]
[2022.01.28-22.12.38:482][  0]LogConfig: Setting CVar [[r.EyeAdaptationQuality:2]]
[2022.01.28-22.12.38:482][  0]LogConfig: Setting CVar [[r.BloomQuality:1]]
[2022.01.28-22.12.38:482][  0]LogConfig: Setting CVar [[r.FastBlurThreshold:0]]
[2022.01.28-22.12.38:482][  0]LogConfig: Setting CVar [[r.Upscale.Quality:3]]
[2022.01.28-22.12.38:482][  0]LogConfig: Setting CVar [[r.Tonemapper.GrainQuantization:1]]
[2022.01.28-22.12.38:482][  0]LogConfig: Setting CVar [[r.LightShaftQuality:1]]
[2022.01.28-22.12.38:482][  0]LogConfig: Setting CVar [[r.Filter.SizeScale:1]]
[2022.01.28-22.12.38:482][  0]LogConfig: Setting CVar [[r.Tonemapper.Quality:5]]
[2022.01.28-22.12.38:482][  0]LogConfig: Setting CVar [[r.DOF.Gather.AccumulatorQuality:1        ; higher gathering accumulator quality]]
[2022.01.28-22.12.38:482][  0]LogConfig: Setting CVar [[r.DOF.Gather.PostfilterMethod:1          ; Median3x3 postfilering method]]
[2022.01.28-22.12.38:482][  0]LogConfig: Setting CVar [[r.DOF.Gather.EnableBokehSettings:0       ; no bokeh simulation when gathering]]
[2022.01.28-22.12.38:482][  0]LogConfig: Setting CVar [[r.DOF.Gather.RingCount:4                 ; medium number of samples when gathering]]
[2022.01.28-22.12.38:482][  0]LogConfig: Setting CVar [[r.DOF.Scatter.ForegroundCompositing:1    ; additive foreground scattering]]
[2022.01.28-22.12.38:482][  0]LogConfig: Setting CVar [[r.DOF.Scatter.BackgroundCompositing:2    ; additive background scattering]]
[2022.01.28-22.12.38:482][  0]LogConfig: Setting CVar [[r.DOF.Scatter.EnableBokehSettings:1      ; bokeh simulation when scattering]]
[2022.01.28-22.12.38:482][  0]LogConfig: Setting CVar [[r.DOF.Scatter.MaxSpriteRatio:0.1         ; only a maximum of 10% of scattered bokeh]]
[2022.01.28-22.12.38:482][  0]LogConfig: Setting CVar [[r.DOF.Recombine.Quality:1                ; cheap slight out of focus]]
[2022.01.28-22.12.38:482][  0]LogConfig: Setting CVar [[r.DOF.Recombine.EnableBokehSettings:0    ; no bokeh simulation on slight out of focus]]
[2022.01.28-22.12.38:482][  0]LogConfig: Setting CVar [[r.DOF.TemporalAAQuality:1                ; more stable temporal accumulation]]
[2022.01.28-22.12.38:482][  0]LogConfig: Setting CVar [[r.DOF.Kernel.MaxForegroundRadius:0.025]]
[2022.01.28-22.12.38:482][  0]LogConfig: Setting CVar [[r.DOF.Kernel.MaxBackgroundRadius:0.025]]
[2022.01.28-22.12.38:482][  0]LogConfig: Applying CVar settings from Section [TextureQuality@3] File [G:/Dayu/Look_and_Walk/Saved/Config/Windows/Scalability.ini]
[2022.01.28-22.12.38:482][  0]LogConfig: Setting CVar [[r.Streaming.MipBias:0]]
[2022.01.28-22.12.38:482][  0]LogConfig: Setting CVar [[r.Streaming.AmortizeCPUToGPUCopy:0]]
[2022.01.28-22.12.38:482][  0]LogConfig: Setting CVar [[r.Streaming.MaxNumTexturesToStreamPerFrame:0]]
[2022.01.28-22.12.38:482][  0]LogConfig: Setting CVar [[r.Streaming.Boost:1]]
[2022.01.28-22.12.38:482][  0]LogConfig: Setting CVar [[r.MaxAnisotropy:8]]
[2022.01.28-22.12.38:482][  0]LogConfig: Setting CVar [[r.Streaming.LimitPoolSizeToVRAM:0]]
[2022.01.28-22.12.38:482][  0]LogConfig: Setting CVar [[r.Streaming.PoolSize:1000]]
[2022.01.28-22.12.38:482][  0]LogConfig: Setting CVar [[r.Streaming.MaxEffectiveScreenSize:0]]
[2022.01.28-22.12.38:482][  0]LogConfig: Applying CVar settings from Section [EffectsQuality@3] File [G:/Dayu/Look_and_Walk/Saved/Config/Windows/Scalability.ini]
[2022.01.28-22.12.38:482][  0]LogConfig: Setting CVar [[r.TranslucencyLightingVolumeDim:4]]
[2022.01.28-22.12.38:482][  0]LogConfig: Setting CVar [[r.RefractionQuality:2]]
[2022.01.28-22.12.38:482][  0]LogConfig: Setting CVar [[r.SSR.Quality:0]]
[2022.01.28-22.12.38:482][  0]LogConfig: Setting CVar [[r.SceneColorFormat:2]]
[2022.01.28-22.12.38:482][  0]LogConfig: Setting CVar [[r.DetailMode:2]]
[2022.01.28-22.12.38:482][  0]LogConfig: Setting CVar [[r.TranslucencyVolumeBlur:0]]
[2022.01.28-22.12.38:482][  0]LogConfig: Setting CVar [[r.MaterialQualityLevel:1 ; High quality]]
[2022.01.28-22.12.38:482][  0]LogConfig: Setting CVar [[r.SSS.Scale:1]]
[2022.01.28-22.12.38:482][  0]LogConfig: Setting CVar [[r.SSS.SampleSet:2]]
[2022.01.28-22.12.38:482][  0]LogConfig: Setting CVar [[r.SSS.Quality:1]]
[2022.01.28-22.12.38:482][  0]LogConfig: Setting CVar [[r.SSS.HalfRes:1]]
[2022.01.28-22.12.38:482][  0]LogConfig: Setting CVar [[r.EmitterSpawnRateScale:1.0]]
[2022.01.28-22.12.38:482][  0]LogConfig: Setting CVar [[r.ParticleLightQuality:2]]
[2022.01.28-22.12.38:482][  0]LogConfig: Applying CVar settings from Section [FoliageQuality@3] File [G:/Dayu/Look_and_Walk/Saved/Config/Windows/Scalability.ini]
[2022.01.28-22.12.38:482][  0]LogConfig: Setting CVar [[foliage.DensityScale:1.0]]
[2022.01.28-22.12.38:482][  0]LogConfig: Setting CVar [[grass.DensityScale:1.0]]
[2022.01.28-22.12.38:482][  0]LogConfig: Applying CVar settings from Section [Startup] File [../../../Engine/Config/ConsoleVariables.ini]
[2022.01.28-22.12.38:482][  0]LogConfig: Setting CVar [[net.UseAdaptiveNetUpdateFrequency:0]]
[2022.01.28-22.12.38:482][  0]LogConfig: Setting CVar [[p.chaos.AllowCreatePhysxBodies:1]]
[2022.01.28-22.12.38:482][  0]LogConfig: Applying CVar settings from Section [ConsoleVariables] File [G:/Dayu/Look_and_Walk/Saved/Config/Windows/Engine.ini]
[2022.01.28-22.12.38:482][  0]LogInit: Computer: DESKTOP-MQVV7Q3
[2022.01.28-22.12.38:482][  0]LogInit: User: Heav107pc15
[2022.01.28-22.12.38:482][  0]LogInit: CPU Page size=4096, Cores=6
[2022.01.28-22.12.38:482][  0]LogInit: High frequency timer resolution =3.609377 MHz
[2022.01.28-22.12.38:483][  0]LogMemory: Memory total: Physical=31.8GB (32GB approx)
[2022.01.28-22.12.38:483][  0]LogMemory: Platform Memory Stats for Windows
[2022.01.28-22.12.38:483][  0]LogMemory: Process Physical Memory: 101.47 MB used, 101.47 MB peak
[2022.01.28-22.12.38:483][  0]LogMemory: Process Virtual Memory: 101.66 MB used, 101.66 MB peak
[2022.01.28-22.12.38:483][  0]LogMemory: Physical Memory: 8959.74 MB used,  23615.25 MB free, 32574.99 MB total
[2022.01.28-22.12.38:483][  0]LogMemory: Virtual Memory: 4702.34 MB used,  134213024.00 MB free, 134217728.00 MB total
[2022.01.28-22.12.38:522][  0]LogInit: Using OS detected language (en-US).
[2022.01.28-22.12.38:522][  0]LogInit: Using OS detected locale (en-US).
[2022.01.28-22.12.38:522][  0]LogTextLocalizationManager: No specific localization for 'en-US' exists, so the 'en' localization will be used.
[2022.01.28-22.12.38:636][  0]LogInit: Setting process to per monitor DPI aware
[2022.01.28-22.12.38:662][  0]LogSlate: New Slate User Created.  User Index 0, Is Virtual User: 0
[2022.01.28-22.12.38:662][  0]LogSlate: Slate User Registered.  User Index 0, Is Virtual User: 0
[2022.01.28-22.12.38:884][  0]LogHMD: Failed to initialize OpenVR with code 108
[2022.01.28-22.12.38:884][  0]LogD3D11RHI: D3D11 adapters:
[2022.01.28-22.12.38:960][  0]LogD3D11RHI:    0. 'NVIDIA GeForce GTX 1080 Ti' (Feature Level 11_0)
[2022.01.28-22.12.38:960][  0]LogD3D11RHI:       11127/0/16287 MB DedicatedVideo/DedicatedSystem/SharedSystem, Outputs:1, VendorId:0x10de
[2022.01.28-22.12.38:992][  0]LogD3D11RHI:    1. 'Intel(R) UHD Graphics 630' (Feature Level 11_0)
[2022.01.28-22.12.38:992][  0]LogD3D11RHI:       128/0/16287 MB DedicatedVideo/DedicatedSystem/SharedSystem, Outputs:0, VendorId:0x8086
[2022.01.28-22.12.38:994][  0]LogD3D11RHI:    2. 'Microsoft Basic Render Driver' (Feature Level 11_0)
[2022.01.28-22.12.38:994][  0]LogD3D11RHI:       0/0/16287 MB DedicatedVideo/DedicatedSystem/SharedSystem, Outputs:0, VendorId:0x1414
[2022.01.28-22.12.38:994][  0]LogD3D11RHI: Chosen D3D11 Adapter: 0
[2022.01.28-22.12.38:999][  0]LogD3D11RHI: Creating new Direct3DDevice
[2022.01.28-22.12.38:999][  0]LogD3D11RHI:     GPU DeviceId: 0x1b06 (for the marketing name, search the web for "GPU Device Id")
[2022.01.28-22.12.38:999][  0]LogWindows: EnumDisplayDevices:
[2022.01.28-22.12.38:999][  0]LogWindows:    0. 'NVIDIA GeForce GTX 1080 Ti' (P:1 D:1)
[2022.01.28-22.12.38:999][  0]LogWindows:    1. 'NVIDIA GeForce GTX 1080 Ti' (P:0 D:0)
[2022.01.28-22.12.38:999][  0]LogWindows:    2. 'NVIDIA GeForce GTX 1080 Ti' (P:0 D:0)
[2022.01.28-22.12.39:000][  0]LogWindows:    3. 'NVIDIA GeForce GTX 1080 Ti' (P:0 D:0)
[2022.01.28-22.12.39:000][  0]LogWindows:    4. 'Intel(R) UHD Graphics 630' (P:0 D:0)
[2022.01.28-22.12.39:000][  0]LogWindows:    5. 'Intel(R) UHD Graphics 630' (P:0 D:0)
[2022.01.28-22.12.39:000][  0]LogWindows:    6. 'Intel(R) UHD Graphics 630' (P:0 D:0)
[2022.01.28-22.12.39:000][  0]LogWindows: DebugString: PrimaryIsNotTheChoosenAdapter PrimaryIsNotTheChoosenAdapter PrimaryIsNotTheChoosenAdapter FoundDriverCount:4 
[2022.01.28-22.12.39:000][  0]LogD3D11RHI:     Adapter Name: NVIDIA GeForce GTX 1080 Ti
[2022.01.28-22.12.39:001][  0]LogD3D11RHI:   Driver Version: 457.51 (internal:27.21.14.5751, unified:457.51)
[2022.01.28-22.12.39:001][  0]LogD3D11RHI:      Driver Date: 11-22-2020
[2022.01.28-22.12.39:001][  0]LogRHI: Texture pool is 7788 MB (70% of 11127 MB)
[2022.01.28-22.12.39:035][  0]LogD3D11RHI: Async texture creation enabled
[2022.01.28-22.12.39:043][  0]LogRendererCore: FGlobalReadBuffer::InitRHI
[2022.01.28-22.12.39:044][  0]LogRendererCore: FGlobalReadBuffer::InitRHI
[2022.01.28-22.12.39:044][  0]LogRendererCore: FGlobalReadBuffer::InitRHI
[2022.01.28-22.12.39:051][  0]LogD3D11RHI: GPU Timing Frequency: 1000.000000 (Debug: 2 1)
[2022.01.28-22.12.39:285][  0]LogTemp: Display: Module 'AllDesktopTargetPlatform' loaded TargetPlatform 'AllDesktop'
[2022.01.28-22.12.39:295][  0]LogTemp: Display: Module 'MacClientTargetPlatform' loaded TargetPlatform 'MacClient'
[2022.01.28-22.12.39:305][  0]LogTemp: Display: Module 'MacNoEditorTargetPlatform' loaded TargetPlatform 'MacNoEditor'
[2022.01.28-22.12.39:315][  0]LogTemp: Display: Module 'MacServerTargetPlatform' loaded TargetPlatform 'MacServer'
[2022.01.28-22.12.39:325][  0]LogTemp: Display: Module 'MacTargetPlatform' loaded TargetPlatform 'Mac'
[2022.01.28-22.12.39:335][  0]LogTemp: Display: Module 'WindowsClientTargetPlatform' loaded TargetPlatform 'WindowsClient'
[2022.01.28-22.12.39:345][  0]LogTemp: Display: Module 'WindowsNoEditorTargetPlatform' loaded TargetPlatform 'WindowsNoEditor'
[2022.01.28-22.12.39:355][  0]LogTemp: Display: Module 'WindowsServerTargetPlatform' loaded TargetPlatform 'WindowsServer'
[2022.01.28-22.12.39:359][  0]LogTemp: Display: Module 'WindowsTargetPlatform' loaded TargetPlatform 'Windows'
[2022.01.28-22.12.39:416][  0]LogTemp: Display: Module 'AndroidTargetPlatform' loaded TargetPlatform 'Android'
[2022.01.28-22.12.39:416][  0]LogTemp: Display: Module 'AndroidTargetPlatform' loaded TargetPlatform 'Android_ASTC'
[2022.01.28-22.12.39:416][  0]LogTemp: Display: Module 'AndroidTargetPlatform' loaded TargetPlatform 'Android_ATC'
[2022.01.28-22.12.39:416][  0]LogTemp: Display: Module 'AndroidTargetPlatform' loaded TargetPlatform 'Android_DXT'
[2022.01.28-22.12.39:416][  0]LogTemp: Display: Module 'AndroidTargetPlatform' loaded TargetPlatform 'Android_ETC1'
[2022.01.28-22.12.39:416][  0]LogTemp: Display: Module 'AndroidTargetPlatform' loaded TargetPlatform 'Android_ETC1a'
[2022.01.28-22.12.39:416][  0]LogTemp: Display: Module 'AndroidTargetPlatform' loaded TargetPlatform 'Android_ETC2'
[2022.01.28-22.12.39:416][  0]LogTemp: Display: Module 'AndroidTargetPlatform' loaded TargetPlatform 'Android_PVRTC'
[2022.01.28-22.12.39:416][  0]LogTemp: Display: Module 'AndroidTargetPlatform' loaded TargetPlatform 'AndroidClient'
[2022.01.28-22.12.39:416][  0]LogTemp: Display: Module 'AndroidTargetPlatform' loaded TargetPlatform 'Android_ASTCClient'
[2022.01.28-22.12.39:416][  0]LogTemp: Display: Module 'AndroidTargetPlatform' loaded TargetPlatform 'Android_ATCClient'
[2022.01.28-22.12.39:416][  0]LogTemp: Display: Module 'AndroidTargetPlatform' loaded TargetPlatform 'Android_DXTClient'
[2022.01.28-22.12.39:416][  0]LogTemp: Display: Module 'AndroidTargetPlatform' loaded TargetPlatform 'Android_ETC1Client'
[2022.01.28-22.12.39:416][  0]LogTemp: Display: Module 'AndroidTargetPlatform' loaded TargetPlatform 'Android_ETC1aClient'
[2022.01.28-22.12.39:416][  0]LogTemp: Display: Module 'AndroidTargetPlatform' loaded TargetPlatform 'Android_ETC2Client'
[2022.01.28-22.12.39:416][  0]LogTemp: Display: Module 'AndroidTargetPlatform' loaded TargetPlatform 'Android_PVRTCClient'
[2022.01.28-22.12.39:416][  0]LogTemp: Display: Module 'AndroidTargetPlatform' loaded TargetPlatform 'Android_Multi'
[2022.01.28-22.12.39:416][  0]LogTemp: Display: Module 'AndroidTargetPlatform' loaded TargetPlatform 'Android_MultiClient'
[2022.01.28-22.12.39:418][  0]LogTemp: Display: Module 'HTML5TargetPlatform' loaded TargetPlatform 'HTML5'
[2022.01.28-22.12.39:460][  0]LogTemp: Display: Module 'IOSTargetPlatform' loaded TargetPlatform 'IOSClient'
[2022.01.28-22.12.39:460][  0]LogTemp: Display: Module 'IOSTargetPlatform' loaded TargetPlatform 'IOS'
[2022.01.28-22.12.39:484][  0]LogTemp: Display: Module 'TVOSTargetPlatform' loaded TargetPlatform 'TVOSClient'
[2022.01.28-22.12.39:484][  0]LogTemp: Display: Module 'TVOSTargetPlatform' loaded TargetPlatform 'TVOS'
[2022.01.28-22.12.39:493][  0]LogTemp: Display: Module 'LinuxClientTargetPlatform' loaded TargetPlatform 'LinuxClient'
[2022.01.28-22.12.39:502][  0]LogTemp: Display: Module 'LinuxNoEditorTargetPlatform' loaded TargetPlatform 'LinuxNoEditor'
[2022.01.28-22.12.39:512][  0]LogTemp: Display: Module 'LinuxServerTargetPlatform' loaded TargetPlatform 'LinuxServer'
[2022.01.28-22.12.39:533][  0]LogTemp: Display: Module 'LinuxTargetPlatform' loaded TargetPlatform 'Linux'
[2022.01.28-22.12.39:565][  0]LogTemp: Display: Module 'LuminTargetPlatform' loaded TargetPlatform 'Lumin'
[2022.01.28-22.12.39:565][  0]LogTemp: Display: Module 'LuminTargetPlatform' loaded TargetPlatform 'LuminClient'
[2022.01.28-22.12.39:565][  0]LogTargetPlatformManager: Display: Building Assets For Windows
[2022.01.28-22.12.39:574][  0]LogAudioDebug: Display: Lib vorbis DLL was dynamically loaded.
[2022.01.28-22.12.39:612][  0]LogShaderCompilers: Guid format shader working directory is 30 characters bigger than the processId version (G:/Dayu/Look_and_Walk/Intermediate/Shaders/WorkingDirectory/20152/).
[2022.01.28-22.12.39:612][  0]LogShaderCompilers: Cleaned the shader compiler working directory 'C:/Users/Heav107pc15/AppData/Local/Temp/UnrealShaderWorkingDir/D70C643A43434BD7B2E8BD89F8875D7B/'.
[2022.01.28-22.12.39:613][  0]LogXGEController: Cleaning working directory: C:/Users/Heav107pc15/AppData/Local/Temp/UnrealXGEWorkingDir/
[2022.01.28-22.12.39:613][  0]LogXGEController: Cannot use XGE Controller as Incredibuild is not installed on this machine.
[2022.01.28-22.12.39:613][  0]LogShaderCompilers: Cannot use XGE Shader Compiler as Incredibuild is not installed on this machine.
[2022.01.28-22.12.39:613][  0]LogShaderCompilers: Display: Using Local Shader Compiler.
[2022.01.28-22.12.40:046][  0]LogDerivedDataCache: Display: Max Cache Size: 512 MB
[2022.01.28-22.12.40:083][  0]LogDerivedDataCache: Loaded boot cache 0.04s 72MB C:/Users/Heav107pc15/AppData/Local/UnrealEngine/4.22/DerivedDataCache/Boot.ddc.
[2022.01.28-22.12.40:083][  0]LogDerivedDataCache: Display: Loaded Boot cache: C:/Users/Heav107pc15/AppData/Local/UnrealEngine/4.22/DerivedDataCache/Boot.ddc
[2022.01.28-22.12.40:083][  0]LogDerivedDataCache: FDerivedDataBackendGraph:  Pak pak cache file G:/Dayu/Look_and_Walk/DerivedDataCache/DDC.ddp not found, will not use a pak cache.
[2022.01.28-22.12.40:083][  0]LogDerivedDataCache: Unable to find inner node Pak for hierarchical cache Hierarchy.
[2022.01.28-22.12.40:083][  0]LogDerivedDataCache: FDerivedDataBackendGraph:  CompressedPak pak cache file G:/Dayu/Look_and_Walk/DerivedDataCache/Compressed.ddp not found, will not use a pak cache.
[2022.01.28-22.12.40:083][  0]LogDerivedDataCache: Unable to find inner node CompressedPak for hierarchical cache Hierarchy.
[2022.01.28-22.12.40:092][  0]LogDerivedDataCache: Display: Pak cache opened for reading ../../../Engine/DerivedDataCache/Compressed.ddp.
[2022.01.28-22.12.40:092][  0]LogDerivedDataCache: FDerivedDataBackendGraph:  EnterprisePak pak cache file ../../../Enterprise/DerivedDataCache/Compressed.ddp not found, will not use a pak cache.
[2022.01.28-22.12.40:092][  0]LogDerivedDataCache: Unable to find inner node EnterprisePak for hierarchical cache Hierarchy.
[2022.01.28-22.12.40:104][  0]LogDerivedDataCache: Using Local data cache path C:/Users/Heav107pc15/AppData/Local/UnrealEngine/Common/DerivedDataCache: Writable
[2022.01.28-22.12.40:104][  0]LogDerivedDataCache: Shared data cache path not found in *engine.ini, will not use an Shared cache.
[2022.01.28-22.12.40:104][  0]LogDerivedDataCache: Unable to find inner node Shared for hierarchical cache Hierarchy.
[2022.01.28-22.12.40:119][  0]LogMaterial: Verifying Global Shaders for PCD3D_SM5
[2022.01.28-22.12.40:120][  0]LogSlate: Using FreeType 2.6.0
[2022.01.28-22.12.40:121][  0]LogSlate: SlateFontServices - WITH_FREETYPE: 1, WITH_HARFBUZZ: 1
[2022.01.28-22.12.40:205][  0]LogAssetRegistry: FAssetRegistry took 0.0307 seconds to start up
[2022.01.28-22.12.40:426][  0]LogInit: Selected Device Profile: [Windows]
[2022.01.28-22.12.40:524][  0]LogMeshReduction: Using QuadricMeshReduction for automatic static mesh reduction
[2022.01.28-22.12.40:524][  0]LogMeshReduction: Using SimplygonMeshReduction for automatic skeletal mesh reduction
[2022.01.28-22.12.40:524][  0]LogMeshReduction: Using ProxyLODMeshReduction for automatic mesh merging
[2022.01.28-22.12.40:524][  0]LogMeshReduction: No distributed automatic mesh merging module available
[2022.01.28-22.12.40:525][  0]LogMeshMerging: No distributed automatic mesh merging module available
[2022.01.28-22.12.40:536][  0]LogNetVersion: Look_and_Walk 1.0.0, NetCL: 5660361, EngineNetVer: 10, GameNetVer: 0 (Checksum: 733233384)
[2022.01.28-22.12.40:820][  0]LogPackageLocalizationCache: Processed 10 localized package path(s) for 1 prioritized culture(s) in 0.020848 seconds
[2022.01.28-22.12.40:825][  0]LogUObjectArray: 42206 objects as part of root set at end of initial load.
[2022.01.28-22.12.40:825][  0]LogUObjectAllocator: 7325256 out of 0 bytes used by permanent object pool.
[2022.01.28-22.12.40:825][  0]LogUObjectArray: CloseDisregardForGC: 0/0 objects in disregard for GC pool
[2022.01.28-22.12.41:575][  0]LogTcpMessaging: Initializing TcpMessaging bridge
[2022.01.28-22.12.41:587][  0]LogUdpMessaging: Initializing bridge on interface 0.0.0.0:0 to multicast group 230.0.0.1:6666.
[2022.01.28-22.12.41:681][  0]SourceControl: Source control is disabled
[2022.01.28-22.12.41:681][  0]SourceControl: Source control is disabled
[2022.01.28-22.12.41:682][  0]SourceControl: Source control is disabled
[2022.01.28-22.12.41:683][  0]SourceControl: Source control is disabled
[2022.01.28-22.12.41:742][  0]LogAndroidPermission: UAndroidPermissionCallbackProxy::GetInstance
[2022.01.28-22.12.41:912][  0]LogOcInput: OculusInput pre-init called
[2022.01.28-22.12.42:589][  0]LogEngine: Initializing Engine...
[2022.01.28-22.12.42:651][  0]LogHMD: Failed to initialize OpenVR with code 108
[2022.01.28-22.12.42:652][  0]LogStats: UGameplayTagsManager::InitializeManager -  0.000 s
[2022.01.28-22.12.42:815][  0]LogInit: Initializing FReadOnlyCVARCache
[2022.01.28-22.12.42:823][  0]LogAIModule: Creating AISystem for world Untitled
[2022.01.28-22.12.42:882][  0]LogInit: XAudio2 using 'LG ULTRAWIDE (NVIDIA High Definition Audio)' : 2 channels at 48 kHz using 16 bits per sample (channel mask 0x3)
[2022.01.28-22.12.42:927][  0]LogInit: FAudioDevice initialized.
[2022.01.28-22.12.42:927][  0]LogNetVersion: Set ProjectVersion to 1.0.0.0. Version Checksum will be recalculated on next use.
[2022.01.28-22.12.43:031][  0]LogDerivedDataCache: Saved boot cache 0.10s 72MB C:/Users/Heav107pc15/AppData/Local/UnrealEngine/4.22/DerivedDataCache/Boot.ddc.
[2022.01.28-22.12.43:031][  0]LogInit: Texture streaming: Enabled
[2022.01.28-22.12.43:044][  0]LogEngineSessionManager: EngineSessionManager initialized
[2022.01.28-22.12.43:059][  0]LogInit: Transaction tracking system initialized
[2022.01.28-22.12.43:075][  0]BlueprintLog: New page: Editor Load
[2022.01.28-22.12.43:130][  0]LocalizationService: Localization service is disabled
[2022.01.28-22.12.43:577][  0]LogFileCache: Scanning file cache for directory 'G:/Dayu/Look_and_Walk/Content/' took 0.02s
[2022.01.28-22.12.43:577][  0]LogCook: Display: Max memory allowance for cook 16384mb min free memory 0mb
[2022.01.28-22.12.43:577][  0]LogCook: Display: Mobile HDR setting 1
[2022.01.28-22.12.43:711][  0]SourceControl: Source control is disabled
[2022.01.28-22.12.43:711][  0]Cmd: MAP LOAD FILE="G:/Dayu/Look_and_Walk/Content/VirtualRealityBP/Maps/StartupMap.umap" TEMPLATE=0 SHOWPROGRESS=1 FEATURELEVEL=3
[2022.01.28-22.12.43:711][  0]LightingResults: New page: Lighting Build
[2022.01.28-22.12.43:714][  0]MapCheck: New page: Map Check
[2022.01.28-22.12.43:714][  0]LightingResults: New page: Lighting Build
[2022.01.28-22.12.43:737][  0]LogUObjectHash: Compacting FUObjectHashTables data took   1.11ms
[2022.01.28-22.12.43:798][  0]LogAIModule: Creating AISystem for world StartupMap
[2022.01.28-22.12.43:802][  0]LogEditorServer: Finished looking for orphan Actors (0.000 secs)
[2022.01.28-22.12.43:823][  0]LogUObjectHash: Compacting FUObjectHashTables data took   0.74ms
[2022.01.28-22.12.43:823][  0]Cmd: MAP CHECKDEP NOCLEARLOG
[2022.01.28-22.12.43:823][  0]MapCheck: Map check complete: 0 Error(s), 0 Warning(s), took 0.076ms to complete.
[2022.01.28-22.12.43:823][  0]LogFileHelpers: Loading map 'StartupMap' took 0.112
[2022.01.28-22.12.43:904][  0]LogSlate: Updating window title bar state: overlay mode, drag disabled, window buttons hidden, title bar hidden
[2022.01.28-22.12.43:910][  0]LogSlate: Updating window title bar state: overlay mode, drag disabled, window buttons hidden, title bar hidden
[2022.01.28-22.12.43:915][  0]LogSlate: Updating window title bar state: overlay mode, drag disabled, window buttons hidden, title bar hidden
[2022.01.28-22.12.43:920][  0]LogSlate: Updating window title bar state: overlay mode, drag disabled, window buttons hidden, title bar hidden
[2022.01.28-22.12.43:925][  0]LogCollectionManager: Loaded 0 collections in 0.000882 seconds
[2022.01.28-22.12.43:961][  0]LogFileCache: Scanning file cache for directory 'G:/Dayu/Look_and_Walk/Saved/Collections/' took 0.01s
[2022.01.28-22.12.43:961][  0]LogFileCache: Scanning file cache for directory 'G:/Dayu/Look_and_Walk/Content/Developers/Heav107pc15/Collections/' took 0.01s
[2022.01.28-22.12.43:961][  0]LogFileCache: Scanning file cache for directory 'G:/Dayu/Look_and_Walk/Content/Collections/' took 0.01s
[2022.01.28-22.12.43:961][  0]LogCollectionManager: Rebuilt the GUID cache for 0 collections in 0.000000 seconds
[2022.01.28-22.12.43:967][  0]LogContentBrowser: Native class hierarchy populated in 0.0060 seconds. Added 2732 classes and 659 folders.
[2022.01.28-22.12.43:972][  0]LogContentBrowser: Native class hierarchy updated for 'WidgetCarousel' in 0.0002 seconds. Added 0 classes and 0 folders.
[2022.01.28-22.12.43:973][  0]LogPakFile: Registered encryption key '00000000000000000000000000000000': 0 pak files mounted, 0 remain pending
[2022.01.28-22.12.43:974][  0]LogPakFile: Registered encryption key '00000000000000000000000000000000': 0 pak files mounted, 0 remain pending
[2022.01.28-22.12.43:974][  0]LogPakFile: Registered encryption key '00000000000000000000000000000000': 0 pak files mounted, 0 remain pending
[2022.01.28-22.12.43:975][  0]LogPakFile: Registered encryption key '00000000000000000000000000000000': 0 pak files mounted, 0 remain pending
[2022.01.28-22.12.43:975][  0]LogPakFile: Registered encryption key '00000000000000000000000000000000': 0 pak files mounted, 0 remain pending
[2022.01.28-22.12.43:976][  0]LogPakFile: Registered encryption key '00000000000000000000000000000000': 0 pak files mounted, 0 remain pending
[2022.01.28-22.12.43:976][  0]LogPakFile: Registered encryption key '00000000000000000000000000000000': 0 pak files mounted, 0 remain pending
[2022.01.28-22.12.43:976][  0]LogPakFile: Registered encryption key '00000000000000000000000000000000': 0 pak files mounted, 0 remain pending
[2022.01.28-22.12.43:977][  0]LogPakFile: Registered encryption key '00000000000000000000000000000000': 0 pak files mounted, 0 remain pending
[2022.01.28-22.12.43:977][  0]LogPakFile: Registered encryption key '00000000000000000000000000000000': 0 pak files mounted, 0 remain pending
[2022.01.28-22.12.43:978][  0]LogPakFile: Registered encryption key '00000000000000000000000000000000': 0 pak files mounted, 0 remain pending
[2022.01.28-22.12.43:978][  0]LogPakFile: Registered encryption key '00000000000000000000000000000000': 0 pak files mounted, 0 remain pending
[2022.01.28-22.12.43:979][  0]LogPakFile: Registered encryption key '00000000000000000000000000000000': 0 pak files mounted, 0 remain pending
[2022.01.28-22.12.43:979][  0]LogPakFile: Registered encryption key '00000000000000000000000000000000': 0 pak files mounted, 0 remain pending
[2022.01.28-22.12.43:980][  0]LogPakFile: Registered encryption key '00000000000000000000000000000000': 0 pak files mounted, 0 remain pending
[2022.01.28-22.12.43:980][  0]LogPakFile: Registered encryption key '00000000000000000000000000000000': 0 pak files mounted, 0 remain pending
[2022.01.28-22.12.43:981][  0]LogPakFile: Registered encryption key '00000000000000000000000000000000': 0 pak files mounted, 0 remain pending
[2022.01.28-22.12.43:981][  0]LogPakFile: Registered encryption key '00000000000000000000000000000000': 0 pak files mounted, 0 remain pending
[2022.01.28-22.12.43:981][  0]LogPakFile: Registered encryption key '00000000000000000000000000000000': 0 pak files mounted, 0 remain pending
[2022.01.28-22.12.43:982][  0]LogPakFile: Registered encryption key '00000000000000000000000000000000': 0 pak files mounted, 0 remain pending
[2022.01.28-22.12.43:982][  0]LogPakFile: Registered encryption key '00000000000000000000000000000000': 0 pak files mounted, 0 remain pending
[2022.01.28-22.12.43:983][  0]LogPakFile: Registered encryption key '00000000000000000000000000000000': 0 pak files mounted, 0 remain pending
[2022.01.28-22.12.43:983][  0]LogPakFile: Registered encryption key '00000000000000000000000000000000': 0 pak files mounted, 0 remain pending
[2022.01.28-22.12.43:984][  0]LogPakFile: Registered encryption key '00000000000000000000000000000000': 0 pak files mounted, 0 remain pending
[2022.01.28-22.12.43:984][  0]LogPakFile: Registered encryption key '00000000000000000000000000000000': 0 pak files mounted, 0 remain pending
[2022.01.28-22.12.43:985][  0]LogPakFile: Registered encryption key '00000000000000000000000000000000': 0 pak files mounted, 0 remain pending
[2022.01.28-22.12.44:012][  0]LogContentBrowser: Native class hierarchy updated for 'AddContentDialog' in 0.0002 seconds. Added 0 classes and 0 folders.
[2022.01.28-22.12.44:017][  0]LogContentBrowser: Native class hierarchy updated for 'SceneOutliner' in 0.0002 seconds. Added 1 classes and 2 folders.
[2022.01.28-22.12.44:059][  0]LogSlate: Took 0.000272 seconds to synchronously load lazily loaded font '../../../Engine/Content/Slate/Fonts/Roboto-Regular.ttf' (155K)
[2022.01.28-22.12.44:060][  0]LogSlate: Took 0.000194 seconds to synchronously load lazily loaded font '../../../Engine/Content/Slate/Fonts/Roboto-Bold.ttf' (160K)
[2022.01.28-22.12.44:064][  0]LogSlate: Took 0.000180 seconds to synchronously load lazily loaded font '../../../Engine/Content/Editor/Slate/Fonts/FontAwesome.ttf' (139K)
[2022.01.28-22.12.44:112][  0]LogRenderer: Reallocating scene render targets to support 2048x744 Format 26 NumSamples 1 (Frame:1).
[2022.01.28-22.12.44:208][  0]LogContentBrowser: Native class hierarchy updated for 'HierarchicalLODOutliner' in 0.0002 seconds. Added 0 classes and 0 folders.
[2022.01.28-22.12.44:208][  0]LogLoad: (Engine Initialization) Total time: 7.96 seconds
[2022.01.28-22.12.44:208][  0]LogLoad: (Engine Initialization) Total Blueprint compile time: 0.00 seconds
[2022.01.28-22.12.44:219][  0]LogWindowsTextInputMethodSystem: Display: IME system now deactivated.
[2022.01.28-22.12.44:239][  0]LogAssetRegistry: Asset discovery search completed in 4.0565 seconds
[2022.01.28-22.12.44:241][  0]LogCollectionManager: Rebuilt the object cache for 0 collections in 0.000000 seconds (found 0 objects)
[2022.01.28-22.12.44:241][  0]LogCollectionManager: Fixed up redirectors for 0 collections in 0.000051 seconds (updated 0 objects)
[2022.01.28-22.12.44:242][  0]LogContentStreaming: Texture pool size now 1000 MB
[2022.01.28-22.12.44:296][  1]LogRenderer: Reallocating scene render targets to support 2048x760 Format 26 NumSamples 1 (Frame:3).
[2022.01.28-22.12.46:273][237]LogSlate: FSceneViewport::OnFocusLost() reason 0
[2022.01.28-22.13.02:205][121]LogSlate: Took 0.000247 seconds to synchronously load lazily loaded font '../../../Engine/Content/Slate/Fonts/Roboto-Light.ttf' (167K)
[2022.01.28-22.13.02:213][121]LogAssetEditorManager: Opening Asset editor for Blueprint /Game/Look_and_Walk/Blueprints/MotionControllerPawn_Walk.MotionControllerPawn_Walk
[2022.01.28-22.13.02:392][121]LogContentBrowser: Native class hierarchy updated for 'BlueprintGraph' in 0.0004 seconds. Added 121 classes and 0 folders.
[2022.01.28-22.13.02:980][121]LogSlate: Took 0.000223 seconds to synchronously load lazily loaded font '../../../Engine/Content/Slate/Fonts/Roboto-BoldCondensed.ttf' (158K)
[2022.01.28-22.13.03:070][122]LogSlate: Took 0.000278 seconds to synchronously load lazily loaded font '../../../Engine/Content/Slate/Fonts/Roboto-Italic.ttf' (157K)
[2022.01.28-22.13.55:615][326]Cmd: OBJ SAVEPACKAGE PACKAGE="/Game/Look_and_Walk/Blueprints/MotionControllerPawn_Walk" FILE="G:/Dayu/Look_and_Walk/Content/Look_and_Walk/Blueprints/MotionControllerPawn_Walk.uasset" SILENT=true
[2022.01.28-22.13.55:722][326]LogSavePackage: Moving 'G:/Dayu/Look_and_Walk/Saved/MotionControllerPawn_Walk3D15644042DBB0EECF73618453E979D8.tmp' to 'G:/Dayu/Look_and_Walk/Content/Look_and_Walk/Blueprints/MotionControllerPawn_Walk.uasset'
[2022.01.28-22.13.56:447][410]LogSlate: Window 'MotionControllerPawn_Walk' being destroyed
[2022.01.28-22.13.56:451][410]LogSlate: Window 'MotionControllerPawn_Walk' being destroyed
[2022.01.28-22.13.57:598][540]LogSlate: FSceneViewport::OnFocusLost() reason 2
[2022.01.28-22.13.57:603][540]Cmd: OBJ SAVEPACKAGE PACKAGE="/Game/VirtualRealityBP/Maps/StartupMap" FILE="G:/Dayu/Look_and_Walk/Content/VirtualRealityBP/Maps/StartupMap.umap" SILENT=true AUTOSAVING=false KEEPDIRTY=false
[2022.01.28-22.13.57:632][540]LogUObjectHash: Compacting FUObjectHashTables data took   2.42ms
[2022.01.28-22.13.57:754][540]LogSavePackage: Moving 'G:/Dayu/Look_and_Walk/Saved/StartupMap47403C8E4234647FC0A4A6B15FEB1210.tmp' to 'G:/Dayu/Look_and_Walk/Content/VirtualRealityBP/Maps/StartupMap.umap'
[2022.01.28-22.13.57:772][540]Cmd: OBJ SAVEPACKAGE PACKAGE="/Game/VirtualRealityBP/Maps/StartupMap_BuiltData" FILE="G:/Dayu/Look_and_Walk/Content/VirtualRealityBP/Maps/StartupMap_BuiltData.uasset" SILENT=true
[2022.01.28-22.13.57:812][540]LogSavePackage: Moving 'G:/Dayu/Look_and_Walk/Saved/StartupMap_BuiltDataC590AB33400AC7D80D5F80B6C7F4231C.tmp' to 'G:/Dayu/Look_and_Walk/Content/VirtualRealityBP/Maps/StartupMap_BuiltData.uasset'
[2022.01.28-22.13.58:779][654]LogSlate: FSceneViewport::OnFocusLost() reason 0
[2022.01.28-22.14.03:252][188]LogUObjectHash: Compacting FUObjectHashTables data took   1.64ms
[2022.01.28-22.14.03:294][188]LogSlate: Window 'Look_and_Walk - Unreal Editor' being destroyed
[2022.01.28-22.14.03:294][188]LogWindowsTextInputMethodSystem: Display: IME system now deactivated.
[2022.01.28-22.14.03:456][189]Cmd: QUIT_EDITOR
[2022.01.28-22.14.03:478][189]LogExit: Preparing to exit.
[2022.01.28-22.14.03:664][189]LogExit: Editor shut down
[2022.01.28-22.14.03:664][189]LogExit: Transaction tracking system shut down
[2022.01.28-22.14.03:799][189]LogExit: Object subsystem successfully closed.
[2022.01.28-22.14.03:825][189]LogShaderCompilers: Display: Shaders left to compile 0
[2022.01.28-22.14.03:827][189]LogD3D11RHI: Shutdown
[2022.01.28-22.14.03:827][189]LogD3D11RHI: CleanupD3DDevice
[2022.01.28-22.14.03:828][189]LogRendererCore: FGlobalReadBuffer::ReleaseRHI
[2022.01.28-22.14.03:828][189]LogRendererCore: FGlobalDynamicReadBuffer::Cleanup()
[2022.01.28-22.14.03:828][189]LogRendererCore: FGlobalReadBuffer::ReleaseRHI
[2022.01.28-22.14.03:828][189]LogRendererCore: FGlobalDynamicReadBuffer::Cleanup()
[2022.01.28-22.14.03:828][189]LogRendererCore: FGlobalReadBuffer::ReleaseRHI
[2022.01.28-22.14.03:828][189]LogRendererCore: FGlobalDynamicReadBuffer::Cleanup()
[2022.01.28-22.14.03:891][189]LogD3D11RHI: ~FD3D11DynamicRHI
[2022.01.28-22.14.03:899][189]LogModuleManager: Shutting down and abandoning module BlueprintGraph (644)
[2022.01.28-22.14.03:899][189]LogModuleManager: Shutting down and abandoning module HierarchicalLODOutliner (642)
[2022.01.28-22.14.03:899][189]LogModuleManager: Shutting down and abandoning module SceneOutliner (640)
[2022.01.28-22.14.03:899][189]LogModuleManager: Shutting down and abandoning module AddContentDialog (638)
[2022.01.28-22.14.03:899][189]LogModuleManager: Shutting down and abandoning module WidgetCarousel (637)
[2022.01.28-22.14.03:899][189]LogModuleManager: Shutting down and abandoning module EditorWidgets (634)
[2022.01.28-22.14.03:899][189]LogModuleManager: Shutting down and abandoning module CollectionManager (632)
[2022.01.28-22.14.03:899][189]LogModuleManager: Shutting down and abandoning module StatsViewer (630)
[2022.01.28-22.14.03:899][189]LogModuleManager: Shutting down and abandoning module FoliageEdit (628)
[2022.01.28-22.14.03:899][189]LogModuleManager: Shutting down and abandoning module LandscapeEditor (626)
[2022.01.28-22.14.03:900][189]LogModuleManager: Shutting down and abandoning module MeshPaintMode (624)
[2022.01.28-22.14.03:900][189]LogModuleManager: Shutting down and abandoning module SceneDepthPickerMode (622)
[2022.01.28-22.14.03:900][189]LogModuleManager: Shutting down and abandoning module ActorPickerMode (620)
[2022.01.28-22.14.03:900][189]LogModuleManager: Shutting down and abandoning module GeometryMode (618)
[2022.01.28-22.14.03:900][189]LogModuleManager: Shutting down and abandoning module TextureAlignMode (616)
[2022.01.28-22.14.03:900][189]LogModuleManager: Shutting down and abandoning module BspMode (614)
[2022.01.28-22.14.03:900][189]LogModuleManager: Shutting down and abandoning module PIEPreviewDeviceProfileSelector (612)
[2022.01.28-22.14.03:900][189]LogModuleManager: Shutting down and abandoning module SequenceRecorderSections (610)
[2022.01.28-22.14.03:900][189]LogModuleManager: Shutting down and abandoning module AutomationWorker (608)
[2022.01.28-22.14.03:900][189]LogModuleManager: Shutting down and abandoning module OculusMR (606)
[2022.01.28-22.14.03:900][189]LogModuleManager: Shutting down and abandoning module AudioCaptureEditor (604)
[2022.01.28-22.14.03:900][189]LogModuleManager: Shutting down and abandoning module MatineeToLevelSequence (602)
[2022.01.28-22.14.03:900][189]LogModuleManager: Shutting down and abandoning module LevelSequenceEditor (600)
[2022.01.28-22.14.03:900][189]LogModuleManager: Shutting down and abandoning module PlacementMode (599)
[2022.01.28-22.14.03:900][189]LogModuleManager: Shutting down and abandoning module MaterialEditor (598)
[2022.01.28-22.14.03:900][189]LogModuleManager: Shutting down and abandoning module ActorSequenceEditor (594)
[2022.01.28-22.14.03:900][189]LogModuleManager: Shutting down and abandoning module WmfMediaFactory (592)
[2022.01.28-22.14.03:900][189]LogModuleManager: Shutting down and abandoning module WmfMediaEditor (590)
[2022.01.28-22.14.03:900][189]LogModuleManager: Shutting down and abandoning module WebMMediaFactory (588)
[2022.01.28-22.14.03:900][189]LogModuleManager: Shutting down and abandoning module WebMMediaEditor (586)
[2022.01.28-22.14.03:900][189]LogModuleManager: Shutting down and abandoning module WebMMedia (584)
[2022.01.28-22.14.03:900][189]LogModuleManager: Shutting down and abandoning module MediaPlayerEditor (582)
[2022.01.28-22.14.03:900][189]LogModuleManager: Shutting down and abandoning module MediaCompositingEditor (580)
[2022.01.28-22.14.03:900][189]LogModuleManager: Shutting down and abandoning module SequenceRecorder (579)
[2022.01.28-22.14.03:900][189]LogModuleManager: Shutting down and abandoning module OpenExrWrapper (576)
[2022.01.28-22.14.03:900][189]LogModuleManager: Shutting down and abandoning module ImgMediaFactory (574)
[2022.01.28-22.14.03:900][189]LogModuleManager: Shutting down and abandoning module ImgMediaEditor (572)
[2022.01.28-22.14.03:900][189]LogModuleManager: Shutting down and abandoning module AvfMediaFactory (570)
[2022.01.28-22.14.03:900][189]LogModuleManager: Shutting down and abandoning module AvfMediaEditor (568)
[2022.01.28-22.14.03:900][189]LogModuleManager: Shutting down and abandoning module AndroidMediaFactory (566)
[2022.01.28-22.14.03:900][189]LogModuleManager: Shutting down and abandoning module AndroidMediaEditor (564)
[2022.01.28-22.14.03:900][189]LogModuleManager: Shutting down and abandoning module MagicLeapCameraPreviewFactory (562)
[2022.01.28-22.14.03:900][189]LogModuleManager: Shutting down and abandoning module MagicLeapMediaCodecFactory (560)
[2022.01.28-22.14.03:900][189]LogModuleManager: Shutting down and abandoning module MagicLeapMediaFactory (558)
[2022.01.28-22.14.03:900][189]LogModuleManager: Shutting down and abandoning module MagicLeapMediaEditor (556)
[2022.01.28-22.14.03:900][189]LogModuleManager: Shutting down and abandoning module CharacterAI (554)
[2022.01.28-22.14.03:900][189]LogModuleManager: Shutting down and abandoning module SmartSnapping (552)
[2022.01.28-22.14.03:900][189]LogModuleManager: Shutting down and abandoning module SessionServices (550)
[2022.01.28-22.14.03:900][189]LogModuleManager: Shutting down and abandoning module MeshPaint (548)
[2022.01.28-22.14.03:900][189]LogModuleManager: Shutting down and abandoning module ViewportSnapping (546)
[2022.01.28-22.14.03:900][189]LogModuleManager: Shutting down and abandoning module ViewportInteraction (544)
[2022.01.28-22.14.03:900][189]LogModuleManager: Shutting down and abandoning module ClothPainter (542)
[2022.01.28-22.14.03:900][189]LogModuleManager: Shutting down and abandoning module SkeletalMeshEditor (541)
[2022.01.28-22.14.03:900][189]LogModuleManager: Shutting down and abandoning module LogVisualizer (538)
[2022.01.28-22.14.03:900][189]LogModuleManager: Shutting down and abandoning module IntroTutorials (536)
[2022.01.28-22.14.03:900][189]LogModuleManager: Shutting down and abandoning module GameProjectGeneration (535)
[2022.01.28-22.14.03:900][189]LogModuleManager: Shutting down and abandoning module LuminPlatformEditor (532)
[2022.01.28-22.14.03:900][189]LogModuleManager: Shutting down and abandoning module IOSPlatformEditor (530)
[2022.01.28-22.14.03:900][189]LogModuleManager: Shutting down and abandoning module HTML5PlatformEditor (528)
[2022.01.28-22.14.03:900][189]LogModuleManager: Shutting down and abandoning module AndroidPlatformEditor (526)
[2022.01.28-22.14.03:900][189]LogModuleManager: Shutting down and abandoning module AndroidDeviceDetection (525)
[2022.01.28-22.14.04:448][189]LogModuleManager: Shutting down and abandoning module WindowsPlatformEditor (522)
[2022.01.28-22.14.04:448][189]LogModuleManager: Shutting down and abandoning module LuminRuntimeSettings (520)
[2022.01.28-22.14.04:448][189]LogModuleManager: Shutting down and abandoning module IOSRuntimeSettings (518)
[2022.01.28-22.14.04:448][189]LogModuleManager: Shutting down and abandoning module AndroidRuntimeSettings (516)
[2022.01.28-22.14.04:448][189]LogModuleManager: Shutting down and abandoning module TimeManagementEditor (514)
[2022.01.28-22.14.04:448][189]LogModuleManager: Shutting down and abandoning module InputBindingEditor (512)
[2022.01.28-22.14.04:448][189]LogModuleManager: Shutting down and abandoning module MergeActors (510)
[2022.01.28-22.14.04:448][189]LogModuleManager: Shutting down and abandoning module LocalizationDashboard (508)
[2022.01.28-22.14.04:448][189]LogModuleManager: Shutting down and abandoning module LocalizationService (507)
[2022.01.28-22.14.04:448][189]LogModuleManager: Shutting down and abandoning module HardwareTargeting (504)
[2022.01.28-22.14.04:448][189]LogModuleManager: Shutting down and abandoning module DeviceProfileEditor (502)
[2022.01.28-22.14.04:448][189]LogModuleManager: Shutting down and abandoning module UndoHistory (500)
[2022.01.28-22.14.04:448][189]LogModuleManager: Shutting down and abandoning module XmlParser (498)
[2022.01.28-22.14.04:448][189]LogModuleManager: Shutting down and abandoning module Blutility (496)
[2022.01.28-22.14.04:448][189]LogModuleManager: Shutting down and abandoning module ProjectSettingsViewer (494)
[2022.01.28-22.14.04:448][189]LogModuleManager: Shutting down and abandoning module ProjectTargetPlatformEditor (493)
[2022.01.28-22.14.04:449][189]LogModuleManager: Shutting down and abandoning module EditorSettingsViewer (490)
[2022.01.28-22.14.04:449][189]LogModuleManager: Shutting down and abandoning module SettingsEditor (488)
[2022.01.28-22.14.04:449][189]LogModuleManager: Shutting down and abandoning module ProjectLauncher (486)
[2022.01.28-22.14.04:449][189]LogModuleManager: Shutting down and abandoning module SessionFrontend (484)
[2022.01.28-22.14.04:449][189]LogModuleManager: Shutting down and abandoning module ProfilerClient (482)
[2022.01.28-22.14.04:449][189]LogModuleManager: Shutting down and abandoning module DeviceManager (480)
[2022.01.28-22.14.04:449][189]LogModuleManager: Shutting down and abandoning module TargetDeviceServices (479)
[2022.01.28-22.14.04:502][189]LogModuleManager: Shutting down and abandoning module AutomationController (476)
[2022.01.28-22.14.04:502][189]LogModuleManager: Shutting down and abandoning module AutomationWindow (474)
[2022.01.28-22.14.04:502][189]LogModuleManager: Shutting down and abandoning module Layers (472)
[2022.01.28-22.14.04:502][189]LogModuleManager: Shutting down and abandoning module ComponentVisualizers (470)
[2022.01.28-22.14.04:502][189]LogModuleManager: Shutting down and abandoning module DetailCustomizations (468)
[2022.01.28-22.14.04:502][189]LogModuleManager: Shutting down and abandoning module PackagesDialog (466)
[2022.01.28-22.14.04:502][189]LogModuleManager: Shutting down and abandoning module AnimationBlueprintEditor (464)
[2022.01.28-22.14.04:502][189]LogModuleManager: Shutting down and abandoning module Persona (462)
[2022.01.28-22.14.04:502][189]LogModuleManager: Shutting down and abandoning module AdvancedPreviewScene (461)
[2022.01.28-22.14.04:502][189]LogModuleManager: Shutting down and abandoning module AnimGraph (459)
[2022.01.28-22.14.04:502][189]LogModuleManager: Shutting down and abandoning module Kismet (456)
[2022.01.28-22.14.04:505][189]LogModuleManager: Shutting down and abandoning module GraphEditor (454)
[2022.01.28-22.14.04:505][189]LogModuleManager: Shutting down and abandoning module ClassViewer (452)
[2022.01.28-22.14.04:505][189]LogModuleManager: Shutting down and abandoning module Toolbox (450)
[2022.01.28-22.14.04:505][189]LogModuleManager: Shutting down and abandoning module ModuleUI (448)
[2022.01.28-22.14.04:505][189]LogModuleManager: Shutting down and abandoning module MovieSceneTools (446)
[2022.01.28-22.14.04:505][189]LogModuleManager: Shutting down and abandoning module OutputLog (444)
[2022.01.28-22.14.04:505][189]LogModuleManager: Shutting down and abandoning module GammaUI (442)
[2022.01.28-22.14.04:505][189]LogModuleManager: Shutting down and abandoning module Documentation (440)
[2022.01.28-22.14.04:505][189]LogModuleManager: Shutting down and abandoning module LiveCoding (438)
[2022.01.28-22.14.04:505][189]LogModuleManager: Shutting down and abandoning module LevelSequence (436)
[2022.01.28-22.14.04:505][189]LogModuleManager: Shutting down and abandoning module MovieSceneTracks (434)
[2022.01.28-22.14.04:505][189]LogModuleManager: Shutting down and abandoning module MovieScene (432)
[2022.01.28-22.14.04:505][189]LogModuleManager: Shutting down and abandoning module StreamingPauseRendering (430)
[2022.01.28-22.14.04:505][189]LogModuleManager: Shutting down and abandoning module LauncherPlatform (428)
[2022.01.28-22.14.04:505][189]LogModuleManager: Shutting down and abandoning module AnalyticsET (426)
[2022.01.28-22.14.04:505][189]LogModuleManager: Shutting down and abandoning module PortalServices (424)
[2022.01.28-22.14.04:505][189]LogModuleManager: Shutting down and abandoning module PortalRpc (422)
[2022.01.28-22.14.04:505][189]LogModuleManager: Shutting down and abandoning module MessagingRpc (420)
[2022.01.28-22.14.04:505][189]LogModuleManager: Shutting down and abandoning module AIModule (418)
[2022.01.28-22.14.04:505][189]LogModuleManager: Shutting down and abandoning module GameplayDebugger (417)
[2022.01.28-22.14.04:505][189]LogModuleManager: Shutting down and abandoning module AITestSuite (415)
[2022.01.28-22.14.04:505][189]LogModuleManager: Shutting down and abandoning module NavigationSystem (413)
[2022.01.28-22.14.04:505][189]LogModuleManager: Shutting down and abandoning module DesktopPlatform (410)
[2022.01.28-22.14.04:505][189]LogModuleManager: Shutting down and abandoning module ImageWriteQueue (408)
[2022.01.28-22.14.04:508][189]LogModuleManager: Shutting down and abandoning module ProfilerService (406)
[2022.01.28-22.14.04:617][189]LogModuleManager: Shutting down and abandoning module TaskGraph (404)
[2022.01.28-22.14.04:617][189]LogModuleManager: Shutting down and abandoning module SteamVRController (402)
[2022.01.28-22.14.04:618][189]LogModuleManager: Shutting down and abandoning module ProceduralMeshComponentEditor (400)
[2022.01.28-22.14.04:618][189]LogModuleManager: Shutting down and abandoning module ProceduralMeshComponent (398)
[2022.01.28-22.14.04:618][189]LogModuleManager: Shutting down and abandoning module OculusEditor (396)
[2022.01.28-22.14.04:618][189]LogModuleManager: Shutting down and abandoning module OculusInput (394)
[2022.01.28-22.14.04:618][189]LogModuleManager: Shutting down and abandoning module MobilePatchingUtils (392)
[2022.01.28-22.14.04:618][189]LogModuleManager: Shutting down and abandoning module EditableMesh (390)
[2022.01.28-22.14.04:618][189]LogModuleManager: Shutting down and abandoning module CustomMeshComponent (388)
[2022.01.28-22.14.04:618][189]LogModuleManager: Shutting down and abandoning module CableComponent (386)
[2022.01.28-22.14.04:618][189]LogModuleManager: Shutting down and abandoning module AudioCapture (384)
[2022.01.28-22.14.04:618][189]LogModuleManager: Shutting down and abandoning module ArchVisCharacter (382)
[2022.01.28-22.14.04:618][189]LogModuleManager: Shutting down and abandoning module AndroidPermission (380)
[2022.01.28-22.14.04:618][189]LogModuleManager: Shutting down and abandoning module NUTUnrealEngine4 (378)
[2022.01.28-22.14.04:618][189]LogModuleManager: Shutting down and abandoning module NetcodeUnitTest (376)
[2022.01.28-22.14.04:618][189]LogModuleManager: Shutting down and abandoning module MediaCompositing (374)
[2022.01.28-22.14.04:618][189]LogModuleManager: Shutting down and abandoning module LinearTimecode (372)
[2022.01.28-22.14.04:618][189]LogModuleManager: Shutting down and abandoning module ImgMedia (370)
[2022.01.28-22.14.04:618][189]LogModuleManager: Shutting down and abandoning module MagicLeapHelperVulkan (368)
[2022.01.28-22.14.04:618][189]LogModuleManager: Shutting down and abandoning module MagicLeapHelperOpenGL (366)
[2022.01.28-22.14.04:618][189]LogModuleManager: Shutting down and abandoning module MagicLeapAudio (364)
[2022.01.28-22.14.04:618][189]LogModuleManager: Shutting down and abandoning module HTML5Networking (362)
[2022.01.28-22.14.04:618][189]LogModuleManager: Shutting down and abandoning module GeometryCacheTracks (360)
[2022.01.28-22.14.04:618][189]LogModuleManager: Shutting down and abandoning module GeometryCacheSequencer (358)
[2022.01.28-22.14.04:618][189]LogModuleManager: Shutting down and abandoning module BackChannel (356)
[2022.01.28-22.14.04:618][189]LogModuleManager: Shutting down and abandoning module AppleVision (354)
[2022.01.28-22.14.04:618][189]LogModuleManager: Shutting down and abandoning module AppleImageUtilsBlueprintSupport (352)
[2022.01.28-22.14.04:618][189]LogModuleManager: Shutting down and abandoning module AppleImageUtils (350)
[2022.01.28-22.14.04:618][189]LogModuleManager: Shutting down and abandoning module AlembicImporter (348)
[2022.01.28-22.14.04:618][189]LogModuleManager: Shutting down and abandoning module AlembicLibrary (347)
[2022.01.28-22.14.04:618][189]LogModuleManager: Shutting down and abandoning module GeometryCache (346)
[2022.01.28-22.14.04:618][189]LogModuleManager: Shutting down and abandoning module GeometryCacheEd (345)
[2022.01.28-22.14.04:618][189]LogModuleManager: Shutting down and abandoning module VariantManagerContent (340)
[2022.01.28-22.14.04:618][189]LogModuleManager: Shutting down and abandoning module DatasmithContentEditor (338)
[2022.01.28-22.14.04:618][189]LogModuleManager: Shutting down and abandoning module SpeedTreeImporter (336)
[2022.01.28-22.14.04:618][189]LogModuleManager: Shutting down and abandoning module PluginBrowser (334)
[2022.01.28-22.14.04:618][189]LogModuleManager: Shutting down and abandoning module MobileLauncherProfileWizard (332)
[2022.01.28-22.14.04:618][189]LogModuleManager: Shutting down and abandoning module MaterialAnalyzer (330)
[2022.01.28-22.14.04:618][189]LogModuleManager: Shutting down and abandoning module CryptoKeysOpenSSL (328)
[2022.01.28-22.14.04:618][189]LogModuleManager: Shutting down and abandoning module CryptoKeys (326)
[2022.01.28-22.14.04:618][189]LogModuleManager: Shutting down and abandoning module VisualStudioSourceCodeAccess (324)
[2022.01.28-22.14.04:618][189]LogModuleManager: Shutting down and abandoning module VisualStudioCodeSourceCodeAccess (322)
[2022.01.28-22.14.04:618][189]LogModuleManager: Shutting down and abandoning module UObjectPlugin (320)
[2022.01.28-22.14.04:618][189]LogModuleManager: Shutting down and abandoning module SubversionSourceControl (318)
[2022.01.28-22.14.04:618][189]LogModuleManager: Shutting down and abandoning module PerforceSourceControl (316)
[2022.01.28-22.14.04:618][189]LogModuleManager: Shutting down and abandoning module GitSourceControl (314)
[2022.01.28-22.14.04:618][189]LogModuleManager: Shutting down and abandoning module SourceControl (313)
[2022.01.28-22.14.04:618][189]LogModuleManager: Shutting down and abandoning module CLionSourceCodeAccess (310)
[2022.01.28-22.14.04:618][189]LogModuleManager: Shutting down and abandoning module AnimationSharingEd (308)
[2022.01.28-22.14.04:618][189]LogModuleManager: Shutting down and abandoning module ActorLayerUtilitiesEditor (306)
[2022.01.28-22.14.04:618][189]LogModuleManager: Shutting down and abandoning module ActorLayerUtilities (304)
[2022.01.28-22.14.04:618][189]LogModuleManager: Shutting down and abandoning module LightPropagationVolumeEditor (302)
[2022.01.28-22.14.04:618][189]LogModuleManager: Shutting down and abandoning module PaperTiledImporter (300)
[2022.01.28-22.14.04:618][189]LogModuleManager: Shutting down and abandoning module PaperSpriteSheetImporter (298)
[2022.01.28-22.14.04:618][189]LogModuleManager: Shutting down and abandoning module Paper2DEditor (296)
[2022.01.28-22.14.04:618][189]LogModuleManager: Shutting down and abandoning module SignificanceManager (294)
[2022.01.28-22.14.04:618][189]LogModuleManager: Shutting down and abandoning module RuntimePhysXCooking (292)
[2022.01.28-22.14.04:618][189]LogModuleManager: Shutting down and abandoning module PhysXVehiclesEditor (290)
[2022.01.28-22.14.04:618][189]LogModuleManager: Shutting down and abandoning module PhysXVehicles (288)
[2022.01.28-22.14.04:618][189]LogModuleManager: Shutting down and abandoning module LocationServicesBPLibrary (286)
[2022.01.28-22.14.04:618][189]LogModuleManager: Shutting down and abandoning module ActorSequence (284)
[2022.01.28-22.14.04:618][189]LogModuleManager: Shutting down and abandoning module UdpMessaging (282)
[2022.01.28-22.14.04:719][189]LogModuleManager: Shutting down and abandoning module TcpMessaging (280)
[2022.01.28-22.14.04:820][189]LogModuleManager: Shutting down and abandoning module MagicLeapIdentity (278)
[2022.01.28-22.14.04:820][189]LogModuleManager: Shutting down and abandoning module MagicLeapSecureStorage (276)
[2022.01.28-22.14.04:820][189]LogModuleManager: Shutting down and abandoning module MagicLeapHandTracking (274)
[2022.01.28-22.14.04:820][189]LogModuleManager: Shutting down and abandoning module MagicLeapEyeTracker (272)
[2022.01.28-22.14.04:820][189]LogModuleManager: Shutting down and abandoning module MagicLeapController (270)
[2022.01.28-22.14.04:820][189]LogSlate: Slate User Destroyed.  User Index 0, Is Virtual User: 0
[2022.01.28-22.14.04:820][189]LogModuleManager: Shutting down and abandoning module MagicLeapAR (268)
[2022.01.28-22.14.04:820][189]LogModuleManager: Shutting down and abandoning module AugmentedReality (267)
[2022.01.28-22.14.04:820][189]LogModuleManager: Shutting down and abandoning module GameplayTagsEditor (264)
[2022.01.28-22.14.04:820][189]LogModuleManager: Shutting down and abandoning module FacialAnimationEditor (262)
[2022.01.28-22.14.04:820][189]LogModuleManager: Shutting down and abandoning module FacialAnimation (260)
[2022.01.28-22.14.04:820][189]LogModuleManager: Shutting down and abandoning module DataValidation (258)
[2022.01.28-22.14.04:820][189]LogModuleManager: Shutting down and abandoning module AssetManagerEditor (256)
[2022.01.28-22.14.04:820][189]LogModuleManager: Shutting down and abandoning module LevelEditor (255)
[2022.01.28-22.14.04:821][189]LogModuleManager: Shutting down and abandoning module PixelInspectorModule (254)
[2022.01.28-22.14.04:821][189]LogModuleManager: Shutting down and abandoning module CommonMenuExtensions (252)
[2022.01.28-22.14.04:821][189]LogModuleManager: Shutting down and abandoning module MainFrame (250)
[2022.01.28-22.14.04:821][189]LogModuleManager: Shutting down and abandoning module HotReload (249)
[2022.01.28-22.14.04:821][189]LogModuleManager: Shutting down and abandoning module ContentBrowser (245)
[2022.01.28-22.14.04:822][189]LogModuleManager: Shutting down and abandoning module TreeMap (243)
[2022.01.28-22.14.04:822][189]LogModuleManager: Shutting down and abandoning module AnimationSharing (240)
[2022.01.28-22.14.04:822][189]LogModuleManager: Shutting down and abandoning module LightPropagationVolumeRuntime (238)
[2022.01.28-22.14.04:822][189]LogModuleManager: Shutting down and abandoning module AISupportModule (236)
[2022.01.28-22.14.04:822][189]LogModuleManager: Shutting down and abandoning module Paper2D (234)
[2022.01.28-22.14.04:822][189]LogModuleManager: Shutting down and abandoning module WindowsMoviePlayer (232)
[2022.01.28-22.14.04:822][189]LogModuleManager: Shutting down and abandoning module WebMMoviePlayer (230)
[2022.01.28-22.14.04:822][189]LogModuleManager: Shutting down and abandoning module PacketHandler (228)
[2022.01.28-22.14.04:822][189]LogModuleManager: Shutting down and abandoning module ClothingSystemEditor (226)
[2022.01.28-22.14.04:822][189]LogModuleManager: Shutting down and abandoning module ClothingSystemRuntime (224)
[2022.01.28-22.14.04:822][189]LogModuleManager: Shutting down and abandoning module MediaAssets (222)
[2022.01.28-22.14.04:822][189]LogModuleManager: Shutting down and abandoning module Overlay (220)
[2022.01.28-22.14.04:822][189]LogModuleManager: Shutting down and abandoning module OverlayEditor (219)
[2022.01.28-22.14.04:822][189]LogModuleManager: Shutting down and abandoning module VREditor (216)
[2022.01.28-22.14.04:822][189]LogModuleManager: Shutting down and abandoning module StringTableEditor (214)
[2022.01.28-22.14.04:822][189]LogModuleManager: Shutting down and abandoning module GameplayTasksEditor (212)
[2022.01.28-22.14.04:822][189]LogModuleManager: Shutting down and abandoning module BehaviorTreeEditor (210)
[2022.01.28-22.14.04:822][189]LogModuleManager: Shutting down and abandoning module FunctionalTesting (208)
[2022.01.28-22.14.04:822][189]LogModuleManager: Shutting down and abandoning module CollisionAnalyzer (206)
[2022.01.28-22.14.04:822][189]LogModuleManager: Shutting down and abandoning module WorkspaceMenuStructure (205)
[2022.01.28-22.14.04:822][189]LogModuleManager: Shutting down and abandoning module UMG (202)
[2022.01.28-22.14.04:822][189]LogModuleManager: Shutting down and abandoning module UMGEditor (201)
[2022.01.28-22.14.04:822][189]LogModuleManager: Shutting down and abandoning module Sequencer (200)
[2022.01.28-22.14.04:822][189]LogModuleManager: Shutting down and abandoning module MessageLog (197)
[2022.01.28-22.14.04:822][189]LogModuleManager: Shutting down and abandoning module SlateReflector (192)
[2022.01.28-22.14.04:822][189]LogModuleManager: Shutting down and abandoning module Slate (190)
[2022.01.28-22.14.04:822][189]LogModuleManager: Shutting down and abandoning module EditorStyle (188)
[2022.01.28-22.14.04:823][189]LogModuleManager: Shutting down and abandoning module UnrealEd (186)
[2022.01.28-22.14.04:823][189]LogModuleManager: Shutting down and abandoning module MRMesh (184)
[2022.01.28-22.14.04:823][189]LogModuleManager: Shutting down and abandoning module SourceCodeAccess (182)
[2022.01.28-22.14.04:823][189]LogModuleManager: Shutting down and abandoning module HeadMountedDisplay (180)
[2022.01.28-22.14.04:823][189]LogModuleManager: Shutting down and abandoning module XAudio2 (178)
[2022.01.28-22.14.04:823][189]LogModuleManager: Shutting down and abandoning module Networking (176)
[2022.01.28-22.14.04:823][189]LogModuleManager: Shutting down and abandoning module Core (174)
[2022.01.28-22.14.04:823][189]LogModuleManager: Shutting down and abandoning module KismetCompiler (172)
[2022.01.28-22.14.04:823][189]LogModuleManager: Shutting down and abandoning module MeshUtilities (170)
[2022.01.28-22.14.04:823][189]LogModuleManager: Shutting down and abandoning module MeshMergeUtilities (169)
[2022.01.28-22.14.04:823][189]LogModuleManager: Shutting down and abandoning module MeshReductionInterface (168)
[2022.01.28-22.14.04:823][189]LogModuleManager: Shutting down and abandoning module SkeletalMeshReduction (167)
[2022.01.28-22.14.04:823][189]LogModuleManager: Shutting down and abandoning module ProxyLODMeshReduction (165)
[2022.01.28-22.14.04:823][189]LogModuleManager: Shutting down and abandoning module QuadricMeshReduction (163)
[2022.01.28-22.14.04:823][189]LogModuleManager: Shutting down and abandoning module MaterialBaking (159)
[2022.01.28-22.14.04:823][189]LogModuleManager: Shutting down and abandoning module DerivedDataCache (154)
[2022.01.28-22.14.05:195][189]LogDerivedDataCache: Shutdown
[2022.01.28-22.14.05:195][189]LogModuleManager: Shutting down and abandoning module XGEController (152)
[2022.01.28-22.14.05:195][189]LogXGEController: Cleaning working directory: C:/Users/Heav107pc15/AppData/Local/Temp/UnrealXGEWorkingDir/
[2022.01.28-22.14.05:195][189]LogModuleManager: Shutting down and abandoning module TargetPlatform (150)
[2022.01.28-22.14.05:195][189]LogModuleManager: Shutting down and abandoning module VulkanShaderFormat (149)
[2022.01.28-22.14.05:195][189]LogModuleManager: Shutting down and abandoning module ShaderFormatVectorVM (147)
[2022.01.28-22.14.05:195][189]LogModuleManager: Shutting down and abandoning module ShaderFormatOpenGL (145)
[2022.01.28-22.14.05:195][189]LogModuleManager: Shutting down and abandoning module ShaderFormatD3D (143)
[2022.01.28-22.14.05:195][189]LogModuleManager: Shutting down and abandoning module MetalShaderFormat (141)
[2022.01.28-22.14.05:195][189]LogModuleManager: Shutting down and abandoning module TextureFormatUncompressed (139)
[2022.01.28-22.14.05:195][189]LogModuleManager: Shutting down and abandoning module TextureFormatPVR (137)
[2022.01.28-22.14.05:195][189]LogModuleManager: Shutting down and abandoning module TextureFormatDXT (135)
[2022.01.28-22.14.05:195][189]LogModuleManager: Shutting down and abandoning module TextureFormatIntelISPCTexComp (133)
[2022.01.28-22.14.05:195][189]LogModuleManager: Shutting down and abandoning module TextureFormatASTC (131)
[2022.01.28-22.14.05:195][189]LogModuleManager: Shutting down and abandoning module ImageWrapper (130)
[2022.01.28-22.14.05:195][189]LogModuleManager: Shutting down and abandoning module TextureFormatAndroid (127)
[2022.01.28-22.14.05:195][189]LogModuleManager: Shutting down and abandoning module AudioFormatOpus (125)
[2022.01.28-22.14.05:195][189]LogModuleManager: Shutting down and abandoning module AudioFormatOgg (123)
[2022.01.28-22.14.05:195][189]LogModuleManager: Shutting down and abandoning module AudioFormatADPCM (121)
[2022.01.28-22.14.05:195][189]LogModuleManager: Shutting down and abandoning module LuminTargetPlatform (119)
[2022.01.28-22.14.05:196][189]LogModuleManager: Shutting down and abandoning module LinuxTargetPlatform (117)
[2022.01.28-22.14.05:196][189]LogModuleManager: Shutting down and abandoning module LinuxServerTargetPlatform (115)
[2022.01.28-22.14.05:196][189]LogModuleManager: Shutting down and abandoning module LinuxNoEditorTargetPlatform (113)
[2022.01.28-22.14.05:196][189]LogModuleManager: Shutting down and abandoning module LinuxClientTargetPlatform (111)
[2022.01.28-22.14.05:196][189]LogModuleManager: Shutting down and abandoning module TVOSTargetPlatform (109)
[2022.01.28-22.14.05:196][189]LogModuleManager: Shutting down and abandoning module Messaging (107)
[2022.01.28-22.14.05:196][189]LogModuleManager: Shutting down and abandoning module IOSTargetPlatform (105)
[2022.01.28-22.14.05:196][189]LogModuleManager: Shutting down and abandoning module HTML5TargetPlatform (103)
[2022.01.28-22.14.05:196][189]LogModuleManager: Shutting down and abandoning module AndroidTargetPlatform (101)
[2022.01.28-22.14.05:199][189]LogModuleManager: Shutting down and abandoning module WindowsTargetPlatform (99)
[2022.01.28-22.14.05:199][189]LogModuleManager: Shutting down and abandoning module WindowsServerTargetPlatform (97)
[2022.01.28-22.14.05:199][189]LogModuleManager: Shutting down and abandoning module WindowsNoEditorTargetPlatform (95)
[2022.01.28-22.14.05:199][189]LogModuleManager: Shutting down and abandoning module WindowsClientTargetPlatform (93)
[2022.01.28-22.14.05:199][189]LogModuleManager: Shutting down and abandoning module MacTargetPlatform (91)
[2022.01.28-22.14.05:199][189]LogModuleManager: Shutting down and abandoning module MacServerTargetPlatform (89)
[2022.01.28-22.14.05:199][189]LogModuleManager: Shutting down and abandoning module MacNoEditorTargetPlatform (87)
[2022.01.28-22.14.05:199][189]LogModuleManager: Shutting down and abandoning module MacClientTargetPlatform (85)
[2022.01.28-22.14.05:199][189]LogModuleManager: Shutting down and abandoning module AllDesktopTargetPlatform (83)
[2022.01.28-22.14.05:199][189]LogModuleManager: Shutting down and abandoning module InputCore (80)
[2022.01.28-22.14.05:199][189]LogModuleManager: Shutting down and abandoning module Settings (78)
[2022.01.28-22.14.05:199][189]LogModuleManager: Shutting down and abandoning module DirectoryWatcher (76)
[2022.01.28-22.14.05:199][189]LogModuleManager: Shutting down and abandoning module PhysXCooking (74)
[2022.01.28-22.14.05:199][189]LogModuleManager: Shutting down and abandoning module SteamVR (72)
[2022.01.28-22.14.05:199][189]LogHMD: Freeing OpenVRDLLHandle.
[2022.01.28-22.14.05:199][189]LogModuleManager: Shutting down and abandoning module OculusHMD (70)
[2022.01.28-22.14.05:199][189]LogModuleManager: Shutting down and abandoning module ExampleDeviceProfileSelector (68)
[2022.01.28-22.14.05:199][189]LogModuleManager: Shutting down and abandoning module LauncherChunkInstaller (66)
[2022.01.28-22.14.05:199][189]LogModuleManager: Shutting down and abandoning module OnlineBlueprintSupport (64)
[2022.01.28-22.14.05:200][189]LogModuleManager: Shutting down and abandoning module OnlineSubsystem (60)
[2022.01.28-22.14.05:200][189]LogModuleManager: Shutting down and abandoning module XMPP (55)
[2022.01.28-22.14.05:200][189]LogModuleManager: Shutting down and abandoning module WebSockets (54)
[2022.01.28-22.14.05:218][189]LogModuleManager: Shutting down and abandoning module HTTP (51)
[2022.01.28-22.14.05:218][189]LogHttp: Display: Http module shutting down, but needs to wait on 1 outstanding Http requests:
[2022.01.28-22.14.05:218][189]LogHttp: Display: 	verb=[POST] url=[https://datarouter.ol.epicgames.com/datarouter/api/v1/public/data?SessionID=%7BF35CF9B2-4108-725A-AE7A-75ADF194DC45%7D&AppID=UEEditor.Rocket.Release&AppVersion=4.22.3-7053642%2B%2B%2BUE4%2BRelease-4.22&UserID=abb3c54e45564dd536e931a3e2e70186%7Cf42ad2d502b247f6b604d1e4a51f2ad7%7C033e3947-2fd2-4179-9d31-590729a804c7&AppEnvironment=datacollector-binary&UploadType=eteventstream] status=Processing
[2022.01.28-22.14.05:235][189]LogModuleManager: Shutting down and abandoning module SSL (50)
[2022.01.28-22.14.05:236][189]LogModuleManager: Shutting down and abandoning module WmfMedia (46)
[2022.01.28-22.14.05:237][189]LogModuleManager: Shutting down and abandoning module Media (45)
[2022.01.28-22.14.05:243][189]LogModuleManager: Shutting down and abandoning module MagicLeap (42)
[2022.01.28-22.14.05:243][189]LogModuleManager: Shutting down and abandoning module DatasmithContent (40)
[2022.01.28-22.14.05:244][189]LogModuleManager: Shutting down and abandoning module AnimationModifiers (38)
[2022.01.28-22.14.05:244][189]LogModuleManager: Shutting down and abandoning module PropertyEditor (37)
[2022.01.28-22.14.05:244][189]LogModuleManager: Shutting down and abandoning module AudioEditor (34)
[2022.01.28-22.14.05:244][189]LogModuleManager: Shutting down and abandoning module TextureCompressor (32)
[2022.01.28-22.14.05:244][189]LogModuleManager: Shutting down and abandoning module RenderCore (30)
[2022.01.28-22.14.05:244][189]LogModuleManager: Shutting down and abandoning module Landscape (28)
[2022.01.28-22.14.05:244][189]LogModuleManager: Shutting down and abandoning module SlateRHIRenderer (26)
[2022.01.28-22.14.05:244][189]LogModuleManager: Shutting down and abandoning module OpenGLDrv (24)
[2022.01.28-22.14.05:244][189]LogModuleManager: Shutting down and abandoning module D3D11RHI (22)
[2022.01.28-22.14.05:244][189]LogModuleManager: Shutting down and abandoning module AnimGraphRuntime (20)
[2022.01.28-22.14.05:244][189]LogModuleManager: Shutting down and abandoning module Renderer (18)
[2022.01.28-22.14.05:244][189]LogModuleManager: Shutting down and abandoning module Engine (16)
[2022.01.28-22.14.05:244][189]LogModuleManager: Shutting down and abandoning module CoreUObject (14)
[2022.01.28-22.14.05:244][189]LogModuleManager: Shutting down and abandoning module NetworkFile (12)
[2022.01.28-22.14.05:244][189]LogModuleManager: Shutting down and abandoning module CookedIterativeFile (10)
[2022.01.28-22.14.05:244][189]LogModuleManager: Shutting down and abandoning module StreamingFile (8)
[2022.01.28-22.14.05:244][189]LogModuleManager: Shutting down and abandoning module SandboxFile (6)
[2022.01.28-22.14.05:244][189]LogModuleManager: Shutting down and abandoning module PakFile (4)
[2022.01.28-22.14.05:244][189]LogModuleManager: Shutting down and abandoning module RSA (3)
[2022.01.28-22.14.05:252][189]LogExit: Exiting.
[2022.01.28-22.14.05:272][189]Log file closed, 01/28/22 17:14:05
